[2025-06-25T00:06:37.230+0000] {taskinstance.py:1159} INFO - Dependencies all met for dep_context=non-requeueable deps ti=<TaskInstance: etl_reddit_pipeline.reddit_extraction scheduled__2025-06-24T00:00:00+00:00 [queued]>
[2025-06-25T00:06:37.236+0000] {taskinstance.py:1159} INFO - Dependencies all met for dep_context=requeueable deps ti=<TaskInstance: etl_reddit_pipeline.reddit_extraction scheduled__2025-06-24T00:00:00+00:00 [queued]>
[2025-06-25T00:06:37.237+0000] {taskinstance.py:1361} INFO - Starting attempt 1 of 1
[2025-06-25T00:06:37.244+0000] {taskinstance.py:1382} INFO - Executing <Task(PythonOperator): reddit_extraction> on 2025-06-24 00:00:00+00:00
[2025-06-25T00:06:37.249+0000] {standard_task_runner.py:57} INFO - Started process 76 to run task
[2025-06-25T00:06:37.252+0000] {standard_task_runner.py:84} INFO - Running: ['airflow', 'tasks', 'run', 'etl_reddit_pipeline', 'reddit_extraction', 'scheduled__2025-06-24T00:00:00+00:00', '--job-id', '8', '--raw', '--subdir', 'DAGS_FOLDER/reddit_dag.py', '--cfg-path', '/tmp/tmp8wdt965w']
[2025-06-25T00:06:37.255+0000] {standard_task_runner.py:85} INFO - Job 8: Subtask reddit_extraction
[2025-06-25T00:06:37.292+0000] {task_command.py:416} INFO - Running <TaskInstance: etl_reddit_pipeline.reddit_extraction scheduled__2025-06-24T00:00:00+00:00 [running]> on host f892d2298fb9
[2025-06-25T00:06:37.342+0000] {taskinstance.py:1662} INFO - Exporting env vars: AIRFLOW_CTX_DAG_OWNER='Paresh Jadhav' AIRFLOW_CTX_DAG_ID='etl_reddit_pipeline' AIRFLOW_CTX_TASK_ID='reddit_extraction' AIRFLOW_CTX_EXECUTION_DATE='2025-06-24T00:00:00+00:00' AIRFLOW_CTX_TRY_NUMBER='1' AIRFLOW_CTX_DAG_RUN_ID='scheduled__2025-06-24T00:00:00+00:00'
[2025-06-25T00:06:37.424+0000] {logging_mixin.py:151} WARNING - Version 7.7.1 of praw is outdated. Version 7.8.1 was released Friday October 25, 2024.
[2025-06-25T00:06:37.425+0000] {reddit_etl.py:12} INFO - connected to reddit!
[2025-06-25T00:06:38.669+0000] {taskinstance.py:1937} ERROR - Task failed with exception
Traceback (most recent call last):
  File "/home/airflow/.local/lib/python3.9/site-packages/airflow/operators/python.py", line 192, in execute
    return_value = self.execute_callable()
  File "/home/airflow/.local/lib/python3.9/site-packages/airflow/operators/python.py", line 209, in execute_callable
    return self.python_callable(*self.op_args, **self.op_kwargs)
  File "/opt/airflow/pipelines/reddit_pipeline.py", line 8, in reddit_pipeline
    posts = extract_posts(reddit_instance,subreddit,timefilter,limt)
  File "/opt/airflow/etls/reddit_etl.py", line 25, in extract_posts
    post = {key: post_dict[key] for key in POST_FIELDS}
  File "/opt/airflow/etls/reddit_etl.py", line 25, in <dictcomp>
    post = {key: post_dict[key] for key in POST_FIELDS}
KeyError: 'text'
[2025-06-25T00:06:38.700+0000] {taskinstance.py:1400} INFO - Marking task as FAILED. dag_id=etl_reddit_pipeline, task_id=reddit_extraction, execution_date=20250624T000000, start_date=20250625T000637, end_date=20250625T000638
[2025-06-25T00:06:38.714+0000] {standard_task_runner.py:104} ERROR - Failed to execute job 8 for task reddit_extraction ('text'; 76)
[2025-06-25T00:06:38.741+0000] {local_task_job_runner.py:228} INFO - Task exited with return code 1
[2025-06-25T00:06:38.754+0000] {taskinstance.py:2778} INFO - 0 downstream tasks scheduled from follow-on schedule check
