[2025-06-25T07:09:55.416+0000] {taskinstance.py:1159} INFO - Dependencies all met for dep_context=non-requeueable deps ti=<TaskInstance: etl_reddit_pipeline.reddit_extraction manual__2025-06-25T07:09:54.561718+00:00 [queued]>
[2025-06-25T07:09:55.424+0000] {taskinstance.py:1159} INFO - Dependencies all met for dep_context=requeueable deps ti=<TaskInstance: etl_reddit_pipeline.reddit_extraction manual__2025-06-25T07:09:54.561718+00:00 [queued]>
[2025-06-25T07:09:55.425+0000] {taskinstance.py:1361} INFO - Starting attempt 1 of 1
[2025-06-25T07:09:55.432+0000] {taskinstance.py:1382} INFO - Executing <Task(PythonOperator): reddit_extraction> on 2025-06-25 07:09:54.561718+00:00
[2025-06-25T07:09:55.438+0000] {standard_task_runner.py:57} INFO - Started process 121 to run task
[2025-06-25T07:09:55.443+0000] {standard_task_runner.py:84} INFO - Running: ['airflow', 'tasks', 'run', 'etl_reddit_pipeline', 'reddit_extraction', 'manual__2025-06-25T07:09:54.561718+00:00', '--job-id', '19', '--raw', '--subdir', 'DAGS_FOLDER/reddit_dag.py', '--cfg-path', '/tmp/tmpgmaa7s93']
[2025-06-25T07:09:55.447+0000] {standard_task_runner.py:85} INFO - Job 19: Subtask reddit_extraction
[2025-06-25T07:09:55.488+0000] {task_command.py:416} INFO - Running <TaskInstance: etl_reddit_pipeline.reddit_extraction manual__2025-06-25T07:09:54.561718+00:00 [running]> on host f892d2298fb9
[2025-06-25T07:09:55.543+0000] {taskinstance.py:1662} INFO - Exporting env vars: AIRFLOW_CTX_DAG_OWNER='Paresh Jadhav' AIRFLOW_CTX_DAG_ID='etl_reddit_pipeline' AIRFLOW_CTX_TASK_ID='reddit_extraction' AIRFLOW_CTX_EXECUTION_DATE='2025-06-25T07:09:54.561718+00:00' AIRFLOW_CTX_TRY_NUMBER='1' AIRFLOW_CTX_DAG_RUN_ID='manual__2025-06-25T07:09:54.561718+00:00'
[2025-06-25T07:09:55.546+0000] {logging_mixin.py:151} WARNING - Version 7.7.1 of praw is outdated. Version 7.8.1 was released Friday October 25, 2024.
[2025-06-25T07:09:57.525+0000] {reddit_etl.py:21} ERROR - Exception occured while connecting to reddit
[2025-06-25T07:09:57.531+0000] {taskinstance.py:1937} ERROR - Task failed with exception
Traceback (most recent call last):
  File "/home/airflow/.local/lib/python3.9/site-packages/airflow/operators/python.py", line 192, in execute
    return_value = self.execute_callable()
  File "/home/airflow/.local/lib/python3.9/site-packages/airflow/operators/python.py", line 209, in execute_callable
    return self.python_callable(*self.op_args, **self.op_kwargs)
  File "/opt/airflow/pipelines/reddit_pipeline.py", line 8, in reddit_pipeline
    posts = extract_posts(reddit_instance,subreddit,timefilter,limt)
  File "/opt/airflow/etls/reddit_etl.py", line 25, in extract_posts
    subreddit = reddit_instance.subreddit(subreddit)
AttributeError: 'NoneType' object has no attribute 'subreddit'
[2025-06-25T07:09:57.547+0000] {taskinstance.py:1400} INFO - Marking task as FAILED. dag_id=etl_reddit_pipeline, task_id=reddit_extraction, execution_date=20250625T070954, start_date=20250625T070955, end_date=20250625T070957
[2025-06-25T07:09:57.560+0000] {standard_task_runner.py:104} ERROR - Failed to execute job 19 for task reddit_extraction ('NoneType' object has no attribute 'subreddit'; 121)
[2025-06-25T07:09:57.590+0000] {local_task_job_runner.py:228} INFO - Task exited with return code 1
[2025-06-25T07:09:57.607+0000] {taskinstance.py:2778} INFO - 0 downstream tasks scheduled from follow-on schedule check
