[2025-06-25T11:04:07.266+0000] {taskinstance.py:1159} INFO - Dependencies all met for dep_context=non-requeueable deps ti=<TaskInstance: etl_reddit_pipeline.reddit_extraction manual__2025-06-25T11:04:05.794713+00:00 [queued]>
[2025-06-25T11:04:07.272+0000] {taskinstance.py:1159} INFO - Dependencies all met for dep_context=requeueable deps ti=<TaskInstance: etl_reddit_pipeline.reddit_extraction manual__2025-06-25T11:04:05.794713+00:00 [queued]>
[2025-06-25T11:04:07.272+0000] {taskinstance.py:1361} INFO - Starting attempt 1 of 1
[2025-06-25T11:04:07.279+0000] {taskinstance.py:1382} INFO - Executing <Task(PythonOperator): reddit_extraction> on 2025-06-25 11:04:05.794713+00:00
[2025-06-25T11:04:07.285+0000] {standard_task_runner.py:57} INFO - Started process 145 to run task
[2025-06-25T11:04:07.288+0000] {standard_task_runner.py:84} INFO - Running: ['airflow', 'tasks', 'run', 'etl_reddit_pipeline', 'reddit_extraction', 'manual__2025-06-25T11:04:05.794713+00:00', '--job-id', '25', '--raw', '--subdir', 'DAGS_FOLDER/reddit_dag.py', '--cfg-path', '/tmp/tmpdju2bt86']
[2025-06-25T11:04:07.291+0000] {standard_task_runner.py:85} INFO - Job 25: Subtask reddit_extraction
[2025-06-25T11:04:07.330+0000] {task_command.py:416} INFO - Running <TaskInstance: etl_reddit_pipeline.reddit_extraction manual__2025-06-25T11:04:05.794713+00:00 [running]> on host f892d2298fb9
[2025-06-25T11:04:07.386+0000] {taskinstance.py:1662} INFO - Exporting env vars: AIRFLOW_CTX_DAG_OWNER='Paresh Jadhav' AIRFLOW_CTX_DAG_ID='etl_reddit_pipeline' AIRFLOW_CTX_TASK_ID='reddit_extraction' AIRFLOW_CTX_EXECUTION_DATE='2025-06-25T11:04:05.794713+00:00' AIRFLOW_CTX_TRY_NUMBER='1' AIRFLOW_CTX_DAG_RUN_ID='manual__2025-06-25T11:04:05.794713+00:00'
[2025-06-25T11:04:07.388+0000] {logging_mixin.py:151} WARNING - Version 7.7.1 of praw is outdated. Version 7.8.1 was released Friday October 25, 2024.
[2025-06-25T11:04:08.619+0000] {logging_mixin.py:151} INFO - Authenticated as: pj34892
[2025-06-25T11:04:08.627+0000] {reddit_etl.py:26} INFO - connected to reddit!
[2025-06-25T11:04:08.979+0000] {taskinstance.py:1937} ERROR - Task failed with exception
Traceback (most recent call last):
  File "/home/airflow/.local/lib/python3.9/site-packages/airflow/operators/python.py", line 192, in execute
    return_value = self.execute_callable()
  File "/home/airflow/.local/lib/python3.9/site-packages/airflow/operators/python.py", line 209, in execute_callable
    return self.python_callable(*self.op_args, **self.op_kwargs)
  File "/opt/airflow/pipelines/reddit_pipeline.py", line 8, in reddit_pipeline
    posts = extract_posts(reddit_instance,subreddit,timefilter,limt)
  File "/opt/airflow/etls/reddit_etl.py", line 41, in extract_posts
    for post in posts:
  File "/home/airflow/.local/lib/python3.9/site-packages/praw/models/listing/generator.py", line 63, in __next__
    self._next_batch()
  File "/home/airflow/.local/lib/python3.9/site-packages/praw/models/listing/generator.py", line 89, in _next_batch
    self._listing = self._reddit.get(self.url, params=self.params)
  File "/home/airflow/.local/lib/python3.9/site-packages/praw/util/deprecate_args.py", line 43, in wrapped
    return func(**dict(zip(_old_args, args)), **kwargs)
  File "/home/airflow/.local/lib/python3.9/site-packages/praw/reddit.py", line 712, in get
    return self._objectify_request(method="GET", params=params, path=path)
  File "/home/airflow/.local/lib/python3.9/site-packages/praw/reddit.py", line 517, in _objectify_request
    self.request(
  File "/home/airflow/.local/lib/python3.9/site-packages/praw/util/deprecate_args.py", line 43, in wrapped
    return func(**dict(zip(_old_args, args)), **kwargs)
  File "/home/airflow/.local/lib/python3.9/site-packages/praw/reddit.py", line 941, in request
    return self._core.request(
  File "/home/airflow/.local/lib/python3.9/site-packages/prawcore/sessions.py", line 328, in request
    return self._request_with_retries(
  File "/home/airflow/.local/lib/python3.9/site-packages/prawcore/sessions.py", line 267, in _request_with_retries
    raise self.STATUS_EXCEPTIONS[response.status_code](response)
prawcore.exceptions.InsufficientScope: received 403 HTTP response
[2025-06-25T11:04:09.006+0000] {taskinstance.py:1400} INFO - Marking task as FAILED. dag_id=etl_reddit_pipeline, task_id=reddit_extraction, execution_date=20250625T110405, start_date=20250625T110407, end_date=20250625T110409
[2025-06-25T11:04:09.023+0000] {standard_task_runner.py:104} ERROR - Failed to execute job 25 for task reddit_extraction (received 403 HTTP response; 145)
[2025-06-25T11:04:09.065+0000] {local_task_job_runner.py:228} INFO - Task exited with return code 1
[2025-06-25T11:04:09.083+0000] {taskinstance.py:2778} INFO - 0 downstream tasks scheduled from follow-on schedule check
