[2025-06-18T00:29:54.236+0000] {processor.py:157} INFO - Started process (PID=13585) to work on /opt/airflow/dags/reddit_dag.py
[2025-06-18T00:29:54.238+0000] {processor.py:829} INFO - Processing file /opt/airflow/dags/reddit_dag.py for tasks to queue
[2025-06-18T00:29:54.246+0000] {logging_mixin.py:151} INFO - [2025-06-18T00:29:54.245+0000] {dagbag.py:536} INFO - Filling up the DagBag from /opt/airflow/dags/reddit_dag.py
[2025-06-18T00:29:54.265+0000] {processor.py:841} WARNING - No viable dags retrieved from /opt/airflow/dags/reddit_dag.py
[2025-06-18T00:29:54.299+0000] {processor.py:179} INFO - Processing /opt/airflow/dags/reddit_dag.py took 0.084 seconds
[2025-06-18T00:30:24.579+0000] {processor.py:157} INFO - Started process (PID=13586) to work on /opt/airflow/dags/reddit_dag.py
[2025-06-18T00:30:24.582+0000] {processor.py:829} INFO - Processing file /opt/airflow/dags/reddit_dag.py for tasks to queue
[2025-06-18T00:30:24.588+0000] {logging_mixin.py:151} INFO - [2025-06-18T00:30:24.587+0000] {dagbag.py:536} INFO - Filling up the DagBag from /opt/airflow/dags/reddit_dag.py
[2025-06-18T00:30:24.594+0000] {processor.py:841} WARNING - No viable dags retrieved from /opt/airflow/dags/reddit_dag.py
[2025-06-18T00:30:24.619+0000] {processor.py:179} INFO - Processing /opt/airflow/dags/reddit_dag.py took 0.047 seconds
[2025-06-18T01:00:26.645+0000] {processor.py:157} INFO - Started process (PID=13587) to work on /opt/airflow/dags/reddit_dag.py
[2025-06-18T01:00:26.648+0000] {processor.py:829} INFO - Processing file /opt/airflow/dags/reddit_dag.py for tasks to queue
[2025-06-18T01:00:26.658+0000] {logging_mixin.py:151} INFO - [2025-06-18T01:00:26.657+0000] {dagbag.py:536} INFO - Filling up the DagBag from /opt/airflow/dags/reddit_dag.py
[2025-06-18T01:00:26.668+0000] {processor.py:841} WARNING - No viable dags retrieved from /opt/airflow/dags/reddit_dag.py
[2025-06-18T01:00:26.702+0000] {processor.py:179} INFO - Processing /opt/airflow/dags/reddit_dag.py took 0.093 seconds
[2025-06-18T01:00:57.125+0000] {processor.py:157} INFO - Started process (PID=13588) to work on /opt/airflow/dags/reddit_dag.py
[2025-06-18T01:00:57.128+0000] {processor.py:829} INFO - Processing file /opt/airflow/dags/reddit_dag.py for tasks to queue
[2025-06-18T01:00:57.135+0000] {logging_mixin.py:151} INFO - [2025-06-18T01:00:57.134+0000] {dagbag.py:536} INFO - Filling up the DagBag from /opt/airflow/dags/reddit_dag.py
[2025-06-18T01:00:57.143+0000] {processor.py:841} WARNING - No viable dags retrieved from /opt/airflow/dags/reddit_dag.py
[2025-06-18T01:00:57.177+0000] {processor.py:179} INFO - Processing /opt/airflow/dags/reddit_dag.py took 0.062 seconds
[2025-06-18T01:05:59.564+0000] {processor.py:157} INFO - Started process (PID=13589) to work on /opt/airflow/dags/reddit_dag.py
[2025-06-18T01:05:59.566+0000] {processor.py:829} INFO - Processing file /opt/airflow/dags/reddit_dag.py for tasks to queue
[2025-06-18T01:05:59.569+0000] {logging_mixin.py:151} INFO - [2025-06-18T01:05:59.569+0000] {dagbag.py:536} INFO - Filling up the DagBag from /opt/airflow/dags/reddit_dag.py
[2025-06-18T01:05:59.574+0000] {processor.py:841} WARNING - No viable dags retrieved from /opt/airflow/dags/reddit_dag.py
[2025-06-18T01:05:59.589+0000] {processor.py:179} INFO - Processing /opt/airflow/dags/reddit_dag.py took 0.029 seconds
[2025-06-18T01:40:49.170+0000] {processor.py:157} INFO - Started process (PID=13590) to work on /opt/airflow/dags/reddit_dag.py
[2025-06-18T01:40:49.173+0000] {processor.py:829} INFO - Processing file /opt/airflow/dags/reddit_dag.py for tasks to queue
[2025-06-18T01:40:49.185+0000] {logging_mixin.py:151} INFO - [2025-06-18T01:40:49.184+0000] {dagbag.py:536} INFO - Filling up the DagBag from /opt/airflow/dags/reddit_dag.py
[2025-06-18T01:40:49.195+0000] {processor.py:841} WARNING - No viable dags retrieved from /opt/airflow/dags/reddit_dag.py
[2025-06-18T01:40:49.212+0000] {processor.py:179} INFO - Processing /opt/airflow/dags/reddit_dag.py took 0.049 seconds
[2025-06-18T01:43:37.336+0000] {processor.py:157} INFO - Started process (PID=13591) to work on /opt/airflow/dags/reddit_dag.py
[2025-06-18T01:43:37.341+0000] {processor.py:829} INFO - Processing file /opt/airflow/dags/reddit_dag.py for tasks to queue
[2025-06-18T01:43:37.372+0000] {logging_mixin.py:151} INFO - [2025-06-18T01:43:37.368+0000] {dagbag.py:536} INFO - Filling up the DagBag from /opt/airflow/dags/reddit_dag.py
[2025-06-18T01:43:37.399+0000] {processor.py:841} WARNING - No viable dags retrieved from /opt/airflow/dags/reddit_dag.py
[2025-06-18T01:43:37.490+0000] {processor.py:179} INFO - Processing /opt/airflow/dags/reddit_dag.py took 0.215 seconds
[2025-06-18T02:30:47.745+0000] {processor.py:157} INFO - Started process (PID=13592) to work on /opt/airflow/dags/reddit_dag.py
[2025-06-18T02:30:47.752+0000] {processor.py:829} INFO - Processing file /opt/airflow/dags/reddit_dag.py for tasks to queue
[2025-06-18T02:30:47.780+0000] {logging_mixin.py:151} INFO - [2025-06-18T02:30:47.778+0000] {dagbag.py:536} INFO - Filling up the DagBag from /opt/airflow/dags/reddit_dag.py
[2025-06-18T02:30:47.791+0000] {processor.py:841} WARNING - No viable dags retrieved from /opt/airflow/dags/reddit_dag.py
[2025-06-18T02:30:47.834+0000] {processor.py:179} INFO - Processing /opt/airflow/dags/reddit_dag.py took 0.097 seconds
[2025-06-18T02:31:18.212+0000] {processor.py:157} INFO - Started process (PID=13593) to work on /opt/airflow/dags/reddit_dag.py
[2025-06-18T02:31:18.216+0000] {processor.py:829} INFO - Processing file /opt/airflow/dags/reddit_dag.py for tasks to queue
[2025-06-18T02:31:18.224+0000] {logging_mixin.py:151} INFO - [2025-06-18T02:31:18.223+0000] {dagbag.py:536} INFO - Filling up the DagBag from /opt/airflow/dags/reddit_dag.py
[2025-06-18T02:31:18.234+0000] {processor.py:841} WARNING - No viable dags retrieved from /opt/airflow/dags/reddit_dag.py
[2025-06-18T02:31:18.289+0000] {processor.py:179} INFO - Processing /opt/airflow/dags/reddit_dag.py took 0.094 seconds
[2025-06-18T03:20:27.203+0000] {processor.py:157} INFO - Started process (PID=13594) to work on /opt/airflow/dags/reddit_dag.py
[2025-06-18T03:20:27.210+0000] {processor.py:829} INFO - Processing file /opt/airflow/dags/reddit_dag.py for tasks to queue
[2025-06-18T03:20:27.238+0000] {logging_mixin.py:151} INFO - [2025-06-18T03:20:27.234+0000] {dagbag.py:536} INFO - Filling up the DagBag from /opt/airflow/dags/reddit_dag.py
[2025-06-18T03:20:27.278+0000] {processor.py:841} WARNING - No viable dags retrieved from /opt/airflow/dags/reddit_dag.py
[2025-06-18T03:20:27.366+0000] {processor.py:179} INFO - Processing /opt/airflow/dags/reddit_dag.py took 0.235 seconds
[2025-06-18T03:23:20.607+0000] {processor.py:157} INFO - Started process (PID=13595) to work on /opt/airflow/dags/reddit_dag.py
[2025-06-18T03:23:20.614+0000] {processor.py:829} INFO - Processing file /opt/airflow/dags/reddit_dag.py for tasks to queue
[2025-06-18T03:23:20.623+0000] {logging_mixin.py:151} INFO - [2025-06-18T03:23:20.622+0000] {dagbag.py:536} INFO - Filling up the DagBag from /opt/airflow/dags/reddit_dag.py
[2025-06-18T03:23:20.638+0000] {processor.py:841} WARNING - No viable dags retrieved from /opt/airflow/dags/reddit_dag.py
[2025-06-18T03:23:20.686+0000] {processor.py:179} INFO - Processing /opt/airflow/dags/reddit_dag.py took 0.092 seconds
[2025-06-18T03:23:51.153+0000] {processor.py:157} INFO - Started process (PID=13596) to work on /opt/airflow/dags/reddit_dag.py
[2025-06-18T03:23:51.160+0000] {processor.py:829} INFO - Processing file /opt/airflow/dags/reddit_dag.py for tasks to queue
[2025-06-18T03:23:51.190+0000] {logging_mixin.py:151} INFO - [2025-06-18T03:23:51.184+0000] {dagbag.py:536} INFO - Filling up the DagBag from /opt/airflow/dags/reddit_dag.py
[2025-06-18T03:23:51.200+0000] {processor.py:841} WARNING - No viable dags retrieved from /opt/airflow/dags/reddit_dag.py
[2025-06-18T03:23:51.251+0000] {processor.py:179} INFO - Processing /opt/airflow/dags/reddit_dag.py took 0.118 seconds
[2025-06-18T03:24:21.583+0000] {processor.py:157} INFO - Started process (PID=13597) to work on /opt/airflow/dags/reddit_dag.py
[2025-06-18T03:24:21.586+0000] {processor.py:829} INFO - Processing file /opt/airflow/dags/reddit_dag.py for tasks to queue
[2025-06-18T03:24:21.595+0000] {logging_mixin.py:151} INFO - [2025-06-18T03:24:21.594+0000] {dagbag.py:536} INFO - Filling up the DagBag from /opt/airflow/dags/reddit_dag.py
[2025-06-18T03:24:21.603+0000] {processor.py:841} WARNING - No viable dags retrieved from /opt/airflow/dags/reddit_dag.py
[2025-06-18T03:24:21.629+0000] {processor.py:179} INFO - Processing /opt/airflow/dags/reddit_dag.py took 0.055 seconds
[2025-06-18T03:24:51.945+0000] {processor.py:157} INFO - Started process (PID=13598) to work on /opt/airflow/dags/reddit_dag.py
[2025-06-18T03:24:51.948+0000] {processor.py:829} INFO - Processing file /opt/airflow/dags/reddit_dag.py for tasks to queue
[2025-06-18T03:24:51.964+0000] {logging_mixin.py:151} INFO - [2025-06-18T03:24:51.964+0000] {dagbag.py:536} INFO - Filling up the DagBag from /opt/airflow/dags/reddit_dag.py
[2025-06-18T03:24:51.971+0000] {processor.py:841} WARNING - No viable dags retrieved from /opt/airflow/dags/reddit_dag.py
[2025-06-18T03:24:51.992+0000] {processor.py:179} INFO - Processing /opt/airflow/dags/reddit_dag.py took 0.054 seconds
[2025-06-18T03:25:22.434+0000] {processor.py:157} INFO - Started process (PID=13599) to work on /opt/airflow/dags/reddit_dag.py
[2025-06-18T03:25:22.438+0000] {processor.py:829} INFO - Processing file /opt/airflow/dags/reddit_dag.py for tasks to queue
[2025-06-18T03:25:22.447+0000] {logging_mixin.py:151} INFO - [2025-06-18T03:25:22.445+0000] {dagbag.py:536} INFO - Filling up the DagBag from /opt/airflow/dags/reddit_dag.py
[2025-06-18T03:25:22.455+0000] {processor.py:841} WARNING - No viable dags retrieved from /opt/airflow/dags/reddit_dag.py
[2025-06-18T03:25:22.486+0000] {processor.py:179} INFO - Processing /opt/airflow/dags/reddit_dag.py took 0.061 seconds
[2025-06-18T03:25:52.866+0000] {processor.py:157} INFO - Started process (PID=13600) to work on /opt/airflow/dags/reddit_dag.py
[2025-06-18T03:25:52.869+0000] {processor.py:829} INFO - Processing file /opt/airflow/dags/reddit_dag.py for tasks to queue
[2025-06-18T03:25:52.875+0000] {logging_mixin.py:151} INFO - [2025-06-18T03:25:52.874+0000] {dagbag.py:536} INFO - Filling up the DagBag from /opt/airflow/dags/reddit_dag.py
[2025-06-18T03:25:52.884+0000] {processor.py:841} WARNING - No viable dags retrieved from /opt/airflow/dags/reddit_dag.py
[2025-06-18T03:25:52.929+0000] {processor.py:179} INFO - Processing /opt/airflow/dags/reddit_dag.py took 0.075 seconds
[2025-06-18T03:26:23.188+0000] {processor.py:157} INFO - Started process (PID=13601) to work on /opt/airflow/dags/reddit_dag.py
[2025-06-18T03:26:23.191+0000] {processor.py:829} INFO - Processing file /opt/airflow/dags/reddit_dag.py for tasks to queue
[2025-06-18T03:26:23.197+0000] {logging_mixin.py:151} INFO - [2025-06-18T03:26:23.197+0000] {dagbag.py:536} INFO - Filling up the DagBag from /opt/airflow/dags/reddit_dag.py
[2025-06-18T03:26:23.203+0000] {processor.py:841} WARNING - No viable dags retrieved from /opt/airflow/dags/reddit_dag.py
[2025-06-18T03:26:23.223+0000] {processor.py:179} INFO - Processing /opt/airflow/dags/reddit_dag.py took 0.039 seconds
[2025-06-18T03:26:53.487+0000] {processor.py:157} INFO - Started process (PID=13602) to work on /opt/airflow/dags/reddit_dag.py
[2025-06-18T03:26:53.490+0000] {processor.py:829} INFO - Processing file /opt/airflow/dags/reddit_dag.py for tasks to queue
[2025-06-18T03:26:53.493+0000] {logging_mixin.py:151} INFO - [2025-06-18T03:26:53.492+0000] {dagbag.py:536} INFO - Filling up the DagBag from /opt/airflow/dags/reddit_dag.py
[2025-06-18T03:26:53.498+0000] {processor.py:841} WARNING - No viable dags retrieved from /opt/airflow/dags/reddit_dag.py
[2025-06-18T03:26:53.513+0000] {processor.py:179} INFO - Processing /opt/airflow/dags/reddit_dag.py took 0.032 seconds
[2025-06-18T03:27:23.884+0000] {processor.py:157} INFO - Started process (PID=13603) to work on /opt/airflow/dags/reddit_dag.py
[2025-06-18T03:27:23.888+0000] {processor.py:829} INFO - Processing file /opt/airflow/dags/reddit_dag.py for tasks to queue
[2025-06-18T03:27:23.897+0000] {logging_mixin.py:151} INFO - [2025-06-18T03:27:23.896+0000] {dagbag.py:536} INFO - Filling up the DagBag from /opt/airflow/dags/reddit_dag.py
[2025-06-18T03:27:23.908+0000] {processor.py:841} WARNING - No viable dags retrieved from /opt/airflow/dags/reddit_dag.py
[2025-06-18T03:27:23.950+0000] {processor.py:179} INFO - Processing /opt/airflow/dags/reddit_dag.py took 0.077 seconds
[2025-06-18T03:27:54.300+0000] {processor.py:157} INFO - Started process (PID=13604) to work on /opt/airflow/dags/reddit_dag.py
[2025-06-18T03:27:54.308+0000] {processor.py:829} INFO - Processing file /opt/airflow/dags/reddit_dag.py for tasks to queue
[2025-06-18T03:27:54.323+0000] {logging_mixin.py:151} INFO - [2025-06-18T03:27:54.322+0000] {dagbag.py:536} INFO - Filling up the DagBag from /opt/airflow/dags/reddit_dag.py
[2025-06-18T03:27:54.337+0000] {processor.py:841} WARNING - No viable dags retrieved from /opt/airflow/dags/reddit_dag.py
[2025-06-18T03:27:54.372+0000] {processor.py:179} INFO - Processing /opt/airflow/dags/reddit_dag.py took 0.081 seconds
[2025-06-18T03:28:24.619+0000] {processor.py:157} INFO - Started process (PID=13605) to work on /opt/airflow/dags/reddit_dag.py
[2025-06-18T03:28:24.621+0000] {processor.py:829} INFO - Processing file /opt/airflow/dags/reddit_dag.py for tasks to queue
[2025-06-18T03:28:24.626+0000] {logging_mixin.py:151} INFO - [2025-06-18T03:28:24.626+0000] {dagbag.py:536} INFO - Filling up the DagBag from /opt/airflow/dags/reddit_dag.py
[2025-06-18T03:28:24.633+0000] {processor.py:841} WARNING - No viable dags retrieved from /opt/airflow/dags/reddit_dag.py
[2025-06-18T03:28:24.652+0000] {processor.py:179} INFO - Processing /opt/airflow/dags/reddit_dag.py took 0.037 seconds
[2025-06-18T03:28:54.948+0000] {processor.py:157} INFO - Started process (PID=13606) to work on /opt/airflow/dags/reddit_dag.py
[2025-06-18T03:28:54.950+0000] {processor.py:829} INFO - Processing file /opt/airflow/dags/reddit_dag.py for tasks to queue
[2025-06-18T03:28:54.956+0000] {logging_mixin.py:151} INFO - [2025-06-18T03:28:54.955+0000] {dagbag.py:536} INFO - Filling up the DagBag from /opt/airflow/dags/reddit_dag.py
[2025-06-18T03:28:54.963+0000] {processor.py:841} WARNING - No viable dags retrieved from /opt/airflow/dags/reddit_dag.py
[2025-06-18T03:28:54.985+0000] {processor.py:179} INFO - Processing /opt/airflow/dags/reddit_dag.py took 0.040 seconds
[2025-06-18T03:29:25.358+0000] {processor.py:157} INFO - Started process (PID=13607) to work on /opt/airflow/dags/reddit_dag.py
[2025-06-18T03:29:25.361+0000] {processor.py:829} INFO - Processing file /opt/airflow/dags/reddit_dag.py for tasks to queue
[2025-06-18T03:29:25.368+0000] {logging_mixin.py:151} INFO - [2025-06-18T03:29:25.367+0000] {dagbag.py:536} INFO - Filling up the DagBag from /opt/airflow/dags/reddit_dag.py
[2025-06-18T03:29:25.376+0000] {processor.py:841} WARNING - No viable dags retrieved from /opt/airflow/dags/reddit_dag.py
[2025-06-18T03:29:25.409+0000] {processor.py:179} INFO - Processing /opt/airflow/dags/reddit_dag.py took 0.056 seconds
[2025-06-18T03:29:55.771+0000] {processor.py:157} INFO - Started process (PID=13608) to work on /opt/airflow/dags/reddit_dag.py
[2025-06-18T03:29:55.778+0000] {processor.py:829} INFO - Processing file /opt/airflow/dags/reddit_dag.py for tasks to queue
[2025-06-18T03:29:55.789+0000] {logging_mixin.py:151} INFO - [2025-06-18T03:29:55.787+0000] {dagbag.py:536} INFO - Filling up the DagBag from /opt/airflow/dags/reddit_dag.py
[2025-06-18T03:29:55.798+0000] {processor.py:841} WARNING - No viable dags retrieved from /opt/airflow/dags/reddit_dag.py
[2025-06-18T03:29:55.844+0000] {processor.py:179} INFO - Processing /opt/airflow/dags/reddit_dag.py took 0.088 seconds
[2025-06-18T03:30:26.157+0000] {processor.py:157} INFO - Started process (PID=13609) to work on /opt/airflow/dags/reddit_dag.py
[2025-06-18T03:30:26.159+0000] {processor.py:829} INFO - Processing file /opt/airflow/dags/reddit_dag.py for tasks to queue
[2025-06-18T03:30:26.164+0000] {logging_mixin.py:151} INFO - [2025-06-18T03:30:26.163+0000] {dagbag.py:536} INFO - Filling up the DagBag from /opt/airflow/dags/reddit_dag.py
[2025-06-18T03:30:26.170+0000] {processor.py:841} WARNING - No viable dags retrieved from /opt/airflow/dags/reddit_dag.py
[2025-06-18T03:30:26.190+0000] {processor.py:179} INFO - Processing /opt/airflow/dags/reddit_dag.py took 0.038 seconds
[2025-06-18T03:30:56.468+0000] {processor.py:157} INFO - Started process (PID=13610) to work on /opt/airflow/dags/reddit_dag.py
[2025-06-18T03:30:56.470+0000] {processor.py:829} INFO - Processing file /opt/airflow/dags/reddit_dag.py for tasks to queue
[2025-06-18T03:30:56.473+0000] {logging_mixin.py:151} INFO - [2025-06-18T03:30:56.473+0000] {dagbag.py:536} INFO - Filling up the DagBag from /opt/airflow/dags/reddit_dag.py
[2025-06-18T03:30:56.479+0000] {processor.py:841} WARNING - No viable dags retrieved from /opt/airflow/dags/reddit_dag.py
[2025-06-18T03:30:56.499+0000] {processor.py:179} INFO - Processing /opt/airflow/dags/reddit_dag.py took 0.034 seconds
[2025-06-18T03:31:26.869+0000] {processor.py:157} INFO - Started process (PID=13611) to work on /opt/airflow/dags/reddit_dag.py
[2025-06-18T03:31:26.873+0000] {processor.py:829} INFO - Processing file /opt/airflow/dags/reddit_dag.py for tasks to queue
[2025-06-18T03:31:26.880+0000] {logging_mixin.py:151} INFO - [2025-06-18T03:31:26.879+0000] {dagbag.py:536} INFO - Filling up the DagBag from /opt/airflow/dags/reddit_dag.py
[2025-06-18T03:31:26.890+0000] {processor.py:841} WARNING - No viable dags retrieved from /opt/airflow/dags/reddit_dag.py
[2025-06-18T03:31:26.921+0000] {processor.py:179} INFO - Processing /opt/airflow/dags/reddit_dag.py took 0.066 seconds
[2025-06-18T03:31:57.329+0000] {processor.py:157} INFO - Started process (PID=13612) to work on /opt/airflow/dags/reddit_dag.py
[2025-06-18T03:31:57.335+0000] {processor.py:829} INFO - Processing file /opt/airflow/dags/reddit_dag.py for tasks to queue
[2025-06-18T03:31:57.367+0000] {logging_mixin.py:151} INFO - [2025-06-18T03:31:57.363+0000] {dagbag.py:536} INFO - Filling up the DagBag from /opt/airflow/dags/reddit_dag.py
[2025-06-18T03:31:57.377+0000] {processor.py:841} WARNING - No viable dags retrieved from /opt/airflow/dags/reddit_dag.py
[2025-06-18T03:31:57.413+0000] {processor.py:179} INFO - Processing /opt/airflow/dags/reddit_dag.py took 0.099 seconds
[2025-06-18T03:32:27.674+0000] {processor.py:157} INFO - Started process (PID=13613) to work on /opt/airflow/dags/reddit_dag.py
[2025-06-18T03:32:27.677+0000] {processor.py:829} INFO - Processing file /opt/airflow/dags/reddit_dag.py for tasks to queue
[2025-06-18T03:32:27.683+0000] {logging_mixin.py:151} INFO - [2025-06-18T03:32:27.683+0000] {dagbag.py:536} INFO - Filling up the DagBag from /opt/airflow/dags/reddit_dag.py
[2025-06-18T03:32:27.690+0000] {processor.py:841} WARNING - No viable dags retrieved from /opt/airflow/dags/reddit_dag.py
[2025-06-18T03:32:27.718+0000] {processor.py:179} INFO - Processing /opt/airflow/dags/reddit_dag.py took 0.049 seconds
[2025-06-18T03:32:57.994+0000] {processor.py:157} INFO - Started process (PID=13614) to work on /opt/airflow/dags/reddit_dag.py
[2025-06-18T03:32:57.996+0000] {processor.py:829} INFO - Processing file /opt/airflow/dags/reddit_dag.py for tasks to queue
[2025-06-18T03:32:58.004+0000] {logging_mixin.py:151} INFO - [2025-06-18T03:32:58.004+0000] {dagbag.py:536} INFO - Filling up the DagBag from /opt/airflow/dags/reddit_dag.py
[2025-06-18T03:32:58.011+0000] {processor.py:841} WARNING - No viable dags retrieved from /opt/airflow/dags/reddit_dag.py
[2025-06-18T03:32:58.029+0000] {processor.py:179} INFO - Processing /opt/airflow/dags/reddit_dag.py took 0.045 seconds
[2025-06-18T03:33:28.290+0000] {processor.py:157} INFO - Started process (PID=13615) to work on /opt/airflow/dags/reddit_dag.py
[2025-06-18T03:33:28.292+0000] {processor.py:829} INFO - Processing file /opt/airflow/dags/reddit_dag.py for tasks to queue
[2025-06-18T03:33:28.296+0000] {logging_mixin.py:151} INFO - [2025-06-18T03:33:28.295+0000] {dagbag.py:536} INFO - Filling up the DagBag from /opt/airflow/dags/reddit_dag.py
[2025-06-18T03:33:28.302+0000] {processor.py:841} WARNING - No viable dags retrieved from /opt/airflow/dags/reddit_dag.py
[2025-06-18T03:33:28.321+0000] {processor.py:179} INFO - Processing /opt/airflow/dags/reddit_dag.py took 0.036 seconds
[2025-06-18T03:33:58.729+0000] {processor.py:157} INFO - Started process (PID=13616) to work on /opt/airflow/dags/reddit_dag.py
[2025-06-18T03:33:58.732+0000] {processor.py:829} INFO - Processing file /opt/airflow/dags/reddit_dag.py for tasks to queue
[2025-06-18T03:33:58.751+0000] {logging_mixin.py:151} INFO - [2025-06-18T03:33:58.748+0000] {dagbag.py:536} INFO - Filling up the DagBag from /opt/airflow/dags/reddit_dag.py
[2025-06-18T03:33:58.760+0000] {processor.py:841} WARNING - No viable dags retrieved from /opt/airflow/dags/reddit_dag.py
[2025-06-18T03:33:58.801+0000] {processor.py:179} INFO - Processing /opt/airflow/dags/reddit_dag.py took 0.083 seconds
[2025-06-18T03:34:29.226+0000] {processor.py:157} INFO - Started process (PID=13617) to work on /opt/airflow/dags/reddit_dag.py
[2025-06-18T03:34:29.229+0000] {processor.py:829} INFO - Processing file /opt/airflow/dags/reddit_dag.py for tasks to queue
[2025-06-18T03:34:29.236+0000] {logging_mixin.py:151} INFO - [2025-06-18T03:34:29.235+0000] {dagbag.py:536} INFO - Filling up the DagBag from /opt/airflow/dags/reddit_dag.py
[2025-06-18T03:34:29.245+0000] {processor.py:841} WARNING - No viable dags retrieved from /opt/airflow/dags/reddit_dag.py
[2025-06-18T03:34:29.278+0000] {processor.py:179} INFO - Processing /opt/airflow/dags/reddit_dag.py took 0.088 seconds
[2025-06-18T03:34:59.535+0000] {processor.py:157} INFO - Started process (PID=13618) to work on /opt/airflow/dags/reddit_dag.py
[2025-06-18T03:34:59.538+0000] {processor.py:829} INFO - Processing file /opt/airflow/dags/reddit_dag.py for tasks to queue
[2025-06-18T03:34:59.544+0000] {logging_mixin.py:151} INFO - [2025-06-18T03:34:59.543+0000] {dagbag.py:536} INFO - Filling up the DagBag from /opt/airflow/dags/reddit_dag.py
[2025-06-18T03:34:59.552+0000] {processor.py:841} WARNING - No viable dags retrieved from /opt/airflow/dags/reddit_dag.py
[2025-06-18T03:34:59.573+0000] {processor.py:179} INFO - Processing /opt/airflow/dags/reddit_dag.py took 0.043 seconds
[2025-06-18T03:35:30.007+0000] {processor.py:157} INFO - Started process (PID=13619) to work on /opt/airflow/dags/reddit_dag.py
[2025-06-18T03:35:30.011+0000] {processor.py:829} INFO - Processing file /opt/airflow/dags/reddit_dag.py for tasks to queue
[2025-06-18T03:35:30.020+0000] {logging_mixin.py:151} INFO - [2025-06-18T03:35:30.019+0000] {dagbag.py:536} INFO - Filling up the DagBag from /opt/airflow/dags/reddit_dag.py
[2025-06-18T03:35:30.030+0000] {processor.py:841} WARNING - No viable dags retrieved from /opt/airflow/dags/reddit_dag.py
[2025-06-18T03:35:30.075+0000] {processor.py:179} INFO - Processing /opt/airflow/dags/reddit_dag.py took 0.085 seconds
[2025-06-18T03:36:00.456+0000] {processor.py:157} INFO - Started process (PID=13620) to work on /opt/airflow/dags/reddit_dag.py
[2025-06-18T03:36:00.460+0000] {processor.py:829} INFO - Processing file /opt/airflow/dags/reddit_dag.py for tasks to queue
[2025-06-18T03:36:00.467+0000] {logging_mixin.py:151} INFO - [2025-06-18T03:36:00.466+0000] {dagbag.py:536} INFO - Filling up the DagBag from /opt/airflow/dags/reddit_dag.py
[2025-06-18T03:36:00.479+0000] {processor.py:841} WARNING - No viable dags retrieved from /opt/airflow/dags/reddit_dag.py
[2025-06-18T03:36:00.543+0000] {processor.py:179} INFO - Processing /opt/airflow/dags/reddit_dag.py took 0.095 seconds
[2025-06-18T03:36:30.816+0000] {processor.py:157} INFO - Started process (PID=13621) to work on /opt/airflow/dags/reddit_dag.py
[2025-06-18T03:36:30.820+0000] {processor.py:829} INFO - Processing file /opt/airflow/dags/reddit_dag.py for tasks to queue
[2025-06-18T03:36:30.828+0000] {logging_mixin.py:151} INFO - [2025-06-18T03:36:30.827+0000] {dagbag.py:536} INFO - Filling up the DagBag from /opt/airflow/dags/reddit_dag.py
[2025-06-18T03:36:30.838+0000] {processor.py:841} WARNING - No viable dags retrieved from /opt/airflow/dags/reddit_dag.py
[2025-06-18T03:36:30.902+0000] {processor.py:179} INFO - Processing /opt/airflow/dags/reddit_dag.py took 0.096 seconds
[2025-06-18T03:37:01.119+0000] {processor.py:157} INFO - Started process (PID=13622) to work on /opt/airflow/dags/reddit_dag.py
[2025-06-18T03:37:01.124+0000] {processor.py:829} INFO - Processing file /opt/airflow/dags/reddit_dag.py for tasks to queue
[2025-06-18T03:37:01.128+0000] {logging_mixin.py:151} INFO - [2025-06-18T03:37:01.127+0000] {dagbag.py:536} INFO - Filling up the DagBag from /opt/airflow/dags/reddit_dag.py
[2025-06-18T03:37:01.133+0000] {processor.py:841} WARNING - No viable dags retrieved from /opt/airflow/dags/reddit_dag.py
[2025-06-18T03:37:01.151+0000] {processor.py:179} INFO - Processing /opt/airflow/dags/reddit_dag.py took 0.036 seconds
[2025-06-18T03:37:31.518+0000] {processor.py:157} INFO - Started process (PID=13623) to work on /opt/airflow/dags/reddit_dag.py
[2025-06-18T03:37:31.521+0000] {processor.py:829} INFO - Processing file /opt/airflow/dags/reddit_dag.py for tasks to queue
[2025-06-18T03:37:31.531+0000] {logging_mixin.py:151} INFO - [2025-06-18T03:37:31.530+0000] {dagbag.py:536} INFO - Filling up the DagBag from /opt/airflow/dags/reddit_dag.py
[2025-06-18T03:37:31.539+0000] {processor.py:841} WARNING - No viable dags retrieved from /opt/airflow/dags/reddit_dag.py
[2025-06-18T03:37:31.588+0000] {processor.py:179} INFO - Processing /opt/airflow/dags/reddit_dag.py took 0.081 seconds
[2025-06-18T03:38:01.934+0000] {processor.py:157} INFO - Started process (PID=13624) to work on /opt/airflow/dags/reddit_dag.py
[2025-06-18T03:38:01.937+0000] {processor.py:829} INFO - Processing file /opt/airflow/dags/reddit_dag.py for tasks to queue
[2025-06-18T03:38:01.947+0000] {logging_mixin.py:151} INFO - [2025-06-18T03:38:01.946+0000] {dagbag.py:536} INFO - Filling up the DagBag from /opt/airflow/dags/reddit_dag.py
[2025-06-18T03:38:01.958+0000] {processor.py:841} WARNING - No viable dags retrieved from /opt/airflow/dags/reddit_dag.py
[2025-06-18T03:38:02.021+0000] {processor.py:179} INFO - Processing /opt/airflow/dags/reddit_dag.py took 0.099 seconds
[2025-06-18T03:38:32.346+0000] {processor.py:157} INFO - Started process (PID=13625) to work on /opt/airflow/dags/reddit_dag.py
[2025-06-18T03:38:32.349+0000] {processor.py:829} INFO - Processing file /opt/airflow/dags/reddit_dag.py for tasks to queue
[2025-06-18T03:38:32.357+0000] {logging_mixin.py:151} INFO - [2025-06-18T03:38:32.356+0000] {dagbag.py:536} INFO - Filling up the DagBag from /opt/airflow/dags/reddit_dag.py
[2025-06-18T03:38:32.365+0000] {processor.py:841} WARNING - No viable dags retrieved from /opt/airflow/dags/reddit_dag.py
[2025-06-18T03:38:32.410+0000] {processor.py:179} INFO - Processing /opt/airflow/dags/reddit_dag.py took 0.076 seconds
[2025-06-18T03:39:02.636+0000] {processor.py:157} INFO - Started process (PID=13626) to work on /opt/airflow/dags/reddit_dag.py
[2025-06-18T03:39:02.638+0000] {processor.py:829} INFO - Processing file /opt/airflow/dags/reddit_dag.py for tasks to queue
[2025-06-18T03:39:02.642+0000] {logging_mixin.py:151} INFO - [2025-06-18T03:39:02.641+0000] {dagbag.py:536} INFO - Filling up the DagBag from /opt/airflow/dags/reddit_dag.py
[2025-06-18T03:39:02.649+0000] {processor.py:841} WARNING - No viable dags retrieved from /opt/airflow/dags/reddit_dag.py
[2025-06-18T03:39:02.664+0000] {processor.py:179} INFO - Processing /opt/airflow/dags/reddit_dag.py took 0.036 seconds
[2025-06-18T03:39:33.000+0000] {processor.py:157} INFO - Started process (PID=13627) to work on /opt/airflow/dags/reddit_dag.py
[2025-06-18T03:39:33.002+0000] {processor.py:829} INFO - Processing file /opt/airflow/dags/reddit_dag.py for tasks to queue
[2025-06-18T03:39:33.007+0000] {logging_mixin.py:151} INFO - [2025-06-18T03:39:33.006+0000] {dagbag.py:536} INFO - Filling up the DagBag from /opt/airflow/dags/reddit_dag.py
[2025-06-18T03:39:33.014+0000] {processor.py:841} WARNING - No viable dags retrieved from /opt/airflow/dags/reddit_dag.py
[2025-06-18T03:39:33.044+0000] {processor.py:179} INFO - Processing /opt/airflow/dags/reddit_dag.py took 0.053 seconds
[2025-06-18T03:40:03.349+0000] {processor.py:157} INFO - Started process (PID=13628) to work on /opt/airflow/dags/reddit_dag.py
[2025-06-18T03:40:03.351+0000] {processor.py:829} INFO - Processing file /opt/airflow/dags/reddit_dag.py for tasks to queue
[2025-06-18T03:40:03.357+0000] {logging_mixin.py:151} INFO - [2025-06-18T03:40:03.356+0000] {dagbag.py:536} INFO - Filling up the DagBag from /opt/airflow/dags/reddit_dag.py
[2025-06-18T03:40:03.364+0000] {processor.py:841} WARNING - No viable dags retrieved from /opt/airflow/dags/reddit_dag.py
[2025-06-18T03:40:03.393+0000] {processor.py:179} INFO - Processing /opt/airflow/dags/reddit_dag.py took 0.052 seconds
[2025-06-18T03:40:33.945+0000] {processor.py:157} INFO - Started process (PID=13629) to work on /opt/airflow/dags/reddit_dag.py
[2025-06-18T03:40:33.950+0000] {processor.py:829} INFO - Processing file /opt/airflow/dags/reddit_dag.py for tasks to queue
[2025-06-18T03:40:33.961+0000] {logging_mixin.py:151} INFO - [2025-06-18T03:40:33.960+0000] {dagbag.py:536} INFO - Filling up the DagBag from /opt/airflow/dags/reddit_dag.py
[2025-06-18T03:40:33.974+0000] {processor.py:841} WARNING - No viable dags retrieved from /opt/airflow/dags/reddit_dag.py
[2025-06-18T03:40:34.042+0000] {processor.py:179} INFO - Processing /opt/airflow/dags/reddit_dag.py took 0.109 seconds
[2025-06-18T03:41:04.236+0000] {processor.py:157} INFO - Started process (PID=13630) to work on /opt/airflow/dags/reddit_dag.py
[2025-06-18T03:41:04.239+0000] {processor.py:829} INFO - Processing file /opt/airflow/dags/reddit_dag.py for tasks to queue
[2025-06-18T03:41:04.243+0000] {logging_mixin.py:151} INFO - [2025-06-18T03:41:04.242+0000] {dagbag.py:536} INFO - Filling up the DagBag from /opt/airflow/dags/reddit_dag.py
[2025-06-18T03:41:04.247+0000] {processor.py:841} WARNING - No viable dags retrieved from /opt/airflow/dags/reddit_dag.py
[2025-06-18T03:41:04.270+0000] {processor.py:179} INFO - Processing /opt/airflow/dags/reddit_dag.py took 0.040 seconds
[2025-06-18T03:41:34.578+0000] {processor.py:157} INFO - Started process (PID=13631) to work on /opt/airflow/dags/reddit_dag.py
[2025-06-18T03:41:34.580+0000] {processor.py:829} INFO - Processing file /opt/airflow/dags/reddit_dag.py for tasks to queue
[2025-06-18T03:41:34.586+0000] {logging_mixin.py:151} INFO - [2025-06-18T03:41:34.586+0000] {dagbag.py:536} INFO - Filling up the DagBag from /opt/airflow/dags/reddit_dag.py
[2025-06-18T03:41:34.597+0000] {processor.py:841} WARNING - No viable dags retrieved from /opt/airflow/dags/reddit_dag.py
[2025-06-18T03:41:34.619+0000] {processor.py:179} INFO - Processing /opt/airflow/dags/reddit_dag.py took 0.047 seconds
[2025-06-18T03:42:04.914+0000] {processor.py:157} INFO - Started process (PID=13632) to work on /opt/airflow/dags/reddit_dag.py
[2025-06-18T03:42:04.917+0000] {processor.py:829} INFO - Processing file /opt/airflow/dags/reddit_dag.py for tasks to queue
[2025-06-18T03:42:04.924+0000] {logging_mixin.py:151} INFO - [2025-06-18T03:42:04.924+0000] {dagbag.py:536} INFO - Filling up the DagBag from /opt/airflow/dags/reddit_dag.py
[2025-06-18T03:42:04.932+0000] {processor.py:841} WARNING - No viable dags retrieved from /opt/airflow/dags/reddit_dag.py
[2025-06-18T03:42:04.955+0000] {processor.py:179} INFO - Processing /opt/airflow/dags/reddit_dag.py took 0.048 seconds
[2025-06-18T03:42:35.317+0000] {processor.py:157} INFO - Started process (PID=13633) to work on /opt/airflow/dags/reddit_dag.py
[2025-06-18T03:42:35.320+0000] {processor.py:829} INFO - Processing file /opt/airflow/dags/reddit_dag.py for tasks to queue
[2025-06-18T03:42:35.327+0000] {logging_mixin.py:151} INFO - [2025-06-18T03:42:35.326+0000] {dagbag.py:536} INFO - Filling up the DagBag from /opt/airflow/dags/reddit_dag.py
[2025-06-18T03:42:35.336+0000] {processor.py:841} WARNING - No viable dags retrieved from /opt/airflow/dags/reddit_dag.py
[2025-06-18T03:42:35.365+0000] {processor.py:179} INFO - Processing /opt/airflow/dags/reddit_dag.py took 0.083 seconds
[2025-06-18T03:43:05.630+0000] {processor.py:157} INFO - Started process (PID=13634) to work on /opt/airflow/dags/reddit_dag.py
[2025-06-18T03:43:05.633+0000] {processor.py:829} INFO - Processing file /opt/airflow/dags/reddit_dag.py for tasks to queue
[2025-06-18T03:43:05.637+0000] {logging_mixin.py:151} INFO - [2025-06-18T03:43:05.637+0000] {dagbag.py:536} INFO - Filling up the DagBag from /opt/airflow/dags/reddit_dag.py
[2025-06-18T03:43:05.644+0000] {processor.py:841} WARNING - No viable dags retrieved from /opt/airflow/dags/reddit_dag.py
[2025-06-18T03:43:05.667+0000] {processor.py:179} INFO - Processing /opt/airflow/dags/reddit_dag.py took 0.043 seconds
[2025-06-18T03:43:36.047+0000] {processor.py:157} INFO - Started process (PID=13635) to work on /opt/airflow/dags/reddit_dag.py
[2025-06-18T03:43:36.051+0000] {processor.py:829} INFO - Processing file /opt/airflow/dags/reddit_dag.py for tasks to queue
[2025-06-18T03:43:36.083+0000] {logging_mixin.py:151} INFO - [2025-06-18T03:43:36.082+0000] {dagbag.py:536} INFO - Filling up the DagBag from /opt/airflow/dags/reddit_dag.py
[2025-06-18T03:43:36.091+0000] {processor.py:841} WARNING - No viable dags retrieved from /opt/airflow/dags/reddit_dag.py
[2025-06-18T03:43:36.137+0000] {processor.py:179} INFO - Processing /opt/airflow/dags/reddit_dag.py took 0.100 seconds
[2025-06-18T03:44:06.463+0000] {processor.py:157} INFO - Started process (PID=13636) to work on /opt/airflow/dags/reddit_dag.py
[2025-06-18T03:44:06.467+0000] {processor.py:829} INFO - Processing file /opt/airflow/dags/reddit_dag.py for tasks to queue
[2025-06-18T03:44:06.475+0000] {logging_mixin.py:151} INFO - [2025-06-18T03:44:06.474+0000] {dagbag.py:536} INFO - Filling up the DagBag from /opt/airflow/dags/reddit_dag.py
[2025-06-18T03:44:06.483+0000] {processor.py:841} WARNING - No viable dags retrieved from /opt/airflow/dags/reddit_dag.py
[2025-06-18T03:44:06.516+0000] {processor.py:179} INFO - Processing /opt/airflow/dags/reddit_dag.py took 0.078 seconds
[2025-06-18T03:44:36.833+0000] {processor.py:157} INFO - Started process (PID=13637) to work on /opt/airflow/dags/reddit_dag.py
[2025-06-18T03:44:36.837+0000] {processor.py:829} INFO - Processing file /opt/airflow/dags/reddit_dag.py for tasks to queue
[2025-06-18T03:44:36.843+0000] {logging_mixin.py:151} INFO - [2025-06-18T03:44:36.842+0000] {dagbag.py:536} INFO - Filling up the DagBag from /opt/airflow/dags/reddit_dag.py
[2025-06-18T03:44:36.851+0000] {processor.py:841} WARNING - No viable dags retrieved from /opt/airflow/dags/reddit_dag.py
[2025-06-18T03:44:36.897+0000] {processor.py:179} INFO - Processing /opt/airflow/dags/reddit_dag.py took 0.071 seconds
[2025-06-18T03:45:07.176+0000] {processor.py:157} INFO - Started process (PID=13638) to work on /opt/airflow/dags/reddit_dag.py
[2025-06-18T03:45:07.179+0000] {processor.py:829} INFO - Processing file /opt/airflow/dags/reddit_dag.py for tasks to queue
[2025-06-18T03:45:07.186+0000] {logging_mixin.py:151} INFO - [2025-06-18T03:45:07.185+0000] {dagbag.py:536} INFO - Filling up the DagBag from /opt/airflow/dags/reddit_dag.py
[2025-06-18T03:45:07.195+0000] {processor.py:841} WARNING - No viable dags retrieved from /opt/airflow/dags/reddit_dag.py
[2025-06-18T03:45:07.216+0000] {processor.py:179} INFO - Processing /opt/airflow/dags/reddit_dag.py took 0.047 seconds
[2025-06-18T03:45:37.690+0000] {processor.py:157} INFO - Started process (PID=13639) to work on /opt/airflow/dags/reddit_dag.py
[2025-06-18T03:45:37.702+0000] {processor.py:829} INFO - Processing file /opt/airflow/dags/reddit_dag.py for tasks to queue
[2025-06-18T03:45:37.714+0000] {logging_mixin.py:151} INFO - [2025-06-18T03:45:37.713+0000] {dagbag.py:536} INFO - Filling up the DagBag from /opt/airflow/dags/reddit_dag.py
[2025-06-18T03:45:37.724+0000] {processor.py:841} WARNING - No viable dags retrieved from /opt/airflow/dags/reddit_dag.py
[2025-06-18T03:45:37.756+0000] {processor.py:179} INFO - Processing /opt/airflow/dags/reddit_dag.py took 0.077 seconds
[2025-06-18T03:46:08.060+0000] {processor.py:157} INFO - Started process (PID=13640) to work on /opt/airflow/dags/reddit_dag.py
[2025-06-18T03:46:08.066+0000] {processor.py:829} INFO - Processing file /opt/airflow/dags/reddit_dag.py for tasks to queue
[2025-06-18T03:46:08.080+0000] {logging_mixin.py:151} INFO - [2025-06-18T03:46:08.079+0000] {dagbag.py:536} INFO - Filling up the DagBag from /opt/airflow/dags/reddit_dag.py
[2025-06-18T03:46:08.094+0000] {processor.py:841} WARNING - No viable dags retrieved from /opt/airflow/dags/reddit_dag.py
[2025-06-18T03:46:08.133+0000] {processor.py:179} INFO - Processing /opt/airflow/dags/reddit_dag.py took 0.084 seconds
[2025-06-18T03:46:38.476+0000] {processor.py:157} INFO - Started process (PID=13641) to work on /opt/airflow/dags/reddit_dag.py
[2025-06-18T03:46:38.480+0000] {processor.py:829} INFO - Processing file /opt/airflow/dags/reddit_dag.py for tasks to queue
[2025-06-18T03:46:38.499+0000] {logging_mixin.py:151} INFO - [2025-06-18T03:46:38.499+0000] {dagbag.py:536} INFO - Filling up the DagBag from /opt/airflow/dags/reddit_dag.py
[2025-06-18T03:46:38.509+0000] {processor.py:841} WARNING - No viable dags retrieved from /opt/airflow/dags/reddit_dag.py
[2025-06-18T03:46:38.551+0000] {processor.py:179} INFO - Processing /opt/airflow/dags/reddit_dag.py took 0.087 seconds
[2025-06-18T03:47:08.821+0000] {processor.py:157} INFO - Started process (PID=13642) to work on /opt/airflow/dags/reddit_dag.py
[2025-06-18T03:47:08.823+0000] {processor.py:829} INFO - Processing file /opt/airflow/dags/reddit_dag.py for tasks to queue
[2025-06-18T03:47:08.827+0000] {logging_mixin.py:151} INFO - [2025-06-18T03:47:08.826+0000] {dagbag.py:536} INFO - Filling up the DagBag from /opt/airflow/dags/reddit_dag.py
[2025-06-18T03:47:08.833+0000] {processor.py:841} WARNING - No viable dags retrieved from /opt/airflow/dags/reddit_dag.py
[2025-06-18T03:47:08.857+0000] {processor.py:179} INFO - Processing /opt/airflow/dags/reddit_dag.py took 0.042 seconds
[2025-06-18T03:47:39.227+0000] {processor.py:157} INFO - Started process (PID=13643) to work on /opt/airflow/dags/reddit_dag.py
[2025-06-18T03:47:39.233+0000] {processor.py:829} INFO - Processing file /opt/airflow/dags/reddit_dag.py for tasks to queue
[2025-06-18T03:47:39.257+0000] {logging_mixin.py:151} INFO - [2025-06-18T03:47:39.255+0000] {dagbag.py:536} INFO - Filling up the DagBag from /opt/airflow/dags/reddit_dag.py
[2025-06-18T03:47:39.265+0000] {processor.py:841} WARNING - No viable dags retrieved from /opt/airflow/dags/reddit_dag.py
[2025-06-18T03:47:39.299+0000] {processor.py:179} INFO - Processing /opt/airflow/dags/reddit_dag.py took 0.083 seconds
[2025-06-18T03:48:09.563+0000] {processor.py:157} INFO - Started process (PID=13644) to work on /opt/airflow/dags/reddit_dag.py
[2025-06-18T03:48:09.566+0000] {processor.py:829} INFO - Processing file /opt/airflow/dags/reddit_dag.py for tasks to queue
[2025-06-18T03:48:09.572+0000] {logging_mixin.py:151} INFO - [2025-06-18T03:48:09.571+0000] {dagbag.py:536} INFO - Filling up the DagBag from /opt/airflow/dags/reddit_dag.py
[2025-06-18T03:48:09.582+0000] {processor.py:841} WARNING - No viable dags retrieved from /opt/airflow/dags/reddit_dag.py
[2025-06-18T03:48:09.607+0000] {processor.py:179} INFO - Processing /opt/airflow/dags/reddit_dag.py took 0.051 seconds
[2025-06-18T03:48:39.962+0000] {processor.py:157} INFO - Started process (PID=13645) to work on /opt/airflow/dags/reddit_dag.py
[2025-06-18T03:48:39.966+0000] {processor.py:829} INFO - Processing file /opt/airflow/dags/reddit_dag.py for tasks to queue
[2025-06-18T03:48:39.971+0000] {logging_mixin.py:151} INFO - [2025-06-18T03:48:39.970+0000] {dagbag.py:536} INFO - Filling up the DagBag from /opt/airflow/dags/reddit_dag.py
[2025-06-18T03:48:39.978+0000] {processor.py:841} WARNING - No viable dags retrieved from /opt/airflow/dags/reddit_dag.py
[2025-06-18T03:48:40.009+0000] {processor.py:179} INFO - Processing /opt/airflow/dags/reddit_dag.py took 0.057 seconds
[2025-06-18T03:49:10.352+0000] {processor.py:157} INFO - Started process (PID=13646) to work on /opt/airflow/dags/reddit_dag.py
[2025-06-18T03:49:10.354+0000] {processor.py:829} INFO - Processing file /opt/airflow/dags/reddit_dag.py for tasks to queue
[2025-06-18T03:49:10.361+0000] {logging_mixin.py:151} INFO - [2025-06-18T03:49:10.360+0000] {dagbag.py:536} INFO - Filling up the DagBag from /opt/airflow/dags/reddit_dag.py
[2025-06-18T03:49:10.376+0000] {processor.py:841} WARNING - No viable dags retrieved from /opt/airflow/dags/reddit_dag.py
[2025-06-18T03:49:10.407+0000] {processor.py:179} INFO - Processing /opt/airflow/dags/reddit_dag.py took 0.065 seconds
[2025-06-18T03:49:40.689+0000] {processor.py:157} INFO - Started process (PID=13647) to work on /opt/airflow/dags/reddit_dag.py
[2025-06-18T03:49:40.691+0000] {processor.py:829} INFO - Processing file /opt/airflow/dags/reddit_dag.py for tasks to queue
[2025-06-18T03:49:40.694+0000] {logging_mixin.py:151} INFO - [2025-06-18T03:49:40.694+0000] {dagbag.py:536} INFO - Filling up the DagBag from /opt/airflow/dags/reddit_dag.py
[2025-06-18T03:49:40.701+0000] {processor.py:841} WARNING - No viable dags retrieved from /opt/airflow/dags/reddit_dag.py
[2025-06-18T03:49:40.722+0000] {processor.py:179} INFO - Processing /opt/airflow/dags/reddit_dag.py took 0.037 seconds
[2025-06-18T03:50:11.067+0000] {processor.py:157} INFO - Started process (PID=13648) to work on /opt/airflow/dags/reddit_dag.py
[2025-06-18T03:50:11.077+0000] {processor.py:829} INFO - Processing file /opt/airflow/dags/reddit_dag.py for tasks to queue
[2025-06-18T03:50:11.085+0000] {logging_mixin.py:151} INFO - [2025-06-18T03:50:11.084+0000] {dagbag.py:536} INFO - Filling up the DagBag from /opt/airflow/dags/reddit_dag.py
[2025-06-18T03:50:11.095+0000] {processor.py:841} WARNING - No viable dags retrieved from /opt/airflow/dags/reddit_dag.py
[2025-06-18T03:50:11.138+0000] {processor.py:179} INFO - Processing /opt/airflow/dags/reddit_dag.py took 0.084 seconds
[2025-06-18T03:50:41.487+0000] {processor.py:157} INFO - Started process (PID=13649) to work on /opt/airflow/dags/reddit_dag.py
[2025-06-18T03:50:41.491+0000] {processor.py:829} INFO - Processing file /opt/airflow/dags/reddit_dag.py for tasks to queue
[2025-06-18T03:50:41.512+0000] {logging_mixin.py:151} INFO - [2025-06-18T03:50:41.509+0000] {dagbag.py:536} INFO - Filling up the DagBag from /opt/airflow/dags/reddit_dag.py
[2025-06-18T03:50:41.523+0000] {processor.py:841} WARNING - No viable dags retrieved from /opt/airflow/dags/reddit_dag.py
[2025-06-18T03:50:41.554+0000] {processor.py:179} INFO - Processing /opt/airflow/dags/reddit_dag.py took 0.077 seconds
[2025-06-18T03:51:11.883+0000] {processor.py:157} INFO - Started process (PID=13650) to work on /opt/airflow/dags/reddit_dag.py
[2025-06-18T03:51:11.889+0000] {processor.py:829} INFO - Processing file /opt/airflow/dags/reddit_dag.py for tasks to queue
[2025-06-18T03:51:11.899+0000] {logging_mixin.py:151} INFO - [2025-06-18T03:51:11.897+0000] {dagbag.py:536} INFO - Filling up the DagBag from /opt/airflow/dags/reddit_dag.py
[2025-06-18T03:51:11.913+0000] {processor.py:841} WARNING - No viable dags retrieved from /opt/airflow/dags/reddit_dag.py
[2025-06-18T03:51:11.944+0000] {processor.py:179} INFO - Processing /opt/airflow/dags/reddit_dag.py took 0.082 seconds
[2025-06-18T03:51:42.157+0000] {processor.py:157} INFO - Started process (PID=13651) to work on /opt/airflow/dags/reddit_dag.py
[2025-06-18T03:51:42.160+0000] {processor.py:829} INFO - Processing file /opt/airflow/dags/reddit_dag.py for tasks to queue
[2025-06-18T03:51:42.163+0000] {logging_mixin.py:151} INFO - [2025-06-18T03:51:42.163+0000] {dagbag.py:536} INFO - Filling up the DagBag from /opt/airflow/dags/reddit_dag.py
[2025-06-18T03:51:42.169+0000] {processor.py:841} WARNING - No viable dags retrieved from /opt/airflow/dags/reddit_dag.py
[2025-06-18T03:51:42.189+0000] {processor.py:179} INFO - Processing /opt/airflow/dags/reddit_dag.py took 0.037 seconds
[2025-06-18T03:52:12.539+0000] {processor.py:157} INFO - Started process (PID=13652) to work on /opt/airflow/dags/reddit_dag.py
[2025-06-18T03:52:12.543+0000] {processor.py:829} INFO - Processing file /opt/airflow/dags/reddit_dag.py for tasks to queue
[2025-06-18T03:52:12.564+0000] {logging_mixin.py:151} INFO - [2025-06-18T03:52:12.558+0000] {dagbag.py:536} INFO - Filling up the DagBag from /opt/airflow/dags/reddit_dag.py
[2025-06-18T03:52:12.585+0000] {processor.py:841} WARNING - No viable dags retrieved from /opt/airflow/dags/reddit_dag.py
[2025-06-18T03:52:12.617+0000] {processor.py:179} INFO - Processing /opt/airflow/dags/reddit_dag.py took 0.089 seconds
[2025-06-18T03:52:42.913+0000] {processor.py:157} INFO - Started process (PID=13653) to work on /opt/airflow/dags/reddit_dag.py
[2025-06-18T03:52:42.916+0000] {processor.py:829} INFO - Processing file /opt/airflow/dags/reddit_dag.py for tasks to queue
[2025-06-18T03:52:42.920+0000] {logging_mixin.py:151} INFO - [2025-06-18T03:52:42.920+0000] {dagbag.py:536} INFO - Filling up the DagBag from /opt/airflow/dags/reddit_dag.py
[2025-06-18T03:52:42.925+0000] {processor.py:841} WARNING - No viable dags retrieved from /opt/airflow/dags/reddit_dag.py
[2025-06-18T03:52:42.941+0000] {processor.py:179} INFO - Processing /opt/airflow/dags/reddit_dag.py took 0.034 seconds
[2025-06-18T03:53:13.280+0000] {processor.py:157} INFO - Started process (PID=13654) to work on /opt/airflow/dags/reddit_dag.py
[2025-06-18T03:53:13.283+0000] {processor.py:829} INFO - Processing file /opt/airflow/dags/reddit_dag.py for tasks to queue
[2025-06-18T03:53:13.291+0000] {logging_mixin.py:151} INFO - [2025-06-18T03:53:13.290+0000] {dagbag.py:536} INFO - Filling up the DagBag from /opt/airflow/dags/reddit_dag.py
[2025-06-18T03:53:13.300+0000] {processor.py:841} WARNING - No viable dags retrieved from /opt/airflow/dags/reddit_dag.py
[2025-06-18T03:53:13.343+0000] {processor.py:179} INFO - Processing /opt/airflow/dags/reddit_dag.py took 0.073 seconds
[2025-06-18T03:53:43.627+0000] {processor.py:157} INFO - Started process (PID=13655) to work on /opt/airflow/dags/reddit_dag.py
[2025-06-18T03:53:43.631+0000] {processor.py:829} INFO - Processing file /opt/airflow/dags/reddit_dag.py for tasks to queue
[2025-06-18T03:53:43.639+0000] {logging_mixin.py:151} INFO - [2025-06-18T03:53:43.639+0000] {dagbag.py:536} INFO - Filling up the DagBag from /opt/airflow/dags/reddit_dag.py
[2025-06-18T03:53:43.645+0000] {processor.py:841} WARNING - No viable dags retrieved from /opt/airflow/dags/reddit_dag.py
[2025-06-18T03:53:43.665+0000] {processor.py:179} INFO - Processing /opt/airflow/dags/reddit_dag.py took 0.046 seconds
[2025-06-18T03:54:13.987+0000] {processor.py:157} INFO - Started process (PID=13656) to work on /opt/airflow/dags/reddit_dag.py
[2025-06-18T03:54:13.990+0000] {processor.py:829} INFO - Processing file /opt/airflow/dags/reddit_dag.py for tasks to queue
[2025-06-18T03:54:13.999+0000] {logging_mixin.py:151} INFO - [2025-06-18T03:54:13.998+0000] {dagbag.py:536} INFO - Filling up the DagBag from /opt/airflow/dags/reddit_dag.py
[2025-06-18T03:54:14.008+0000] {processor.py:841} WARNING - No viable dags retrieved from /opt/airflow/dags/reddit_dag.py
[2025-06-18T03:54:14.038+0000] {processor.py:179} INFO - Processing /opt/airflow/dags/reddit_dag.py took 0.059 seconds
[2025-06-18T03:54:44.338+0000] {processor.py:157} INFO - Started process (PID=13657) to work on /opt/airflow/dags/reddit_dag.py
[2025-06-18T03:54:44.340+0000] {processor.py:829} INFO - Processing file /opt/airflow/dags/reddit_dag.py for tasks to queue
[2025-06-18T03:54:44.344+0000] {logging_mixin.py:151} INFO - [2025-06-18T03:54:44.344+0000] {dagbag.py:536} INFO - Filling up the DagBag from /opt/airflow/dags/reddit_dag.py
[2025-06-18T03:54:44.349+0000] {processor.py:841} WARNING - No viable dags retrieved from /opt/airflow/dags/reddit_dag.py
[2025-06-18T03:54:44.366+0000] {processor.py:179} INFO - Processing /opt/airflow/dags/reddit_dag.py took 0.035 seconds
[2025-06-18T03:55:14.691+0000] {processor.py:157} INFO - Started process (PID=13658) to work on /opt/airflow/dags/reddit_dag.py
[2025-06-18T03:55:14.694+0000] {processor.py:829} INFO - Processing file /opt/airflow/dags/reddit_dag.py for tasks to queue
[2025-06-18T03:55:14.703+0000] {logging_mixin.py:151} INFO - [2025-06-18T03:55:14.702+0000] {dagbag.py:536} INFO - Filling up the DagBag from /opt/airflow/dags/reddit_dag.py
[2025-06-18T03:55:14.712+0000] {processor.py:841} WARNING - No viable dags retrieved from /opt/airflow/dags/reddit_dag.py
[2025-06-18T03:55:14.742+0000] {processor.py:179} INFO - Processing /opt/airflow/dags/reddit_dag.py took 0.061 seconds
[2025-06-18T03:55:45.068+0000] {processor.py:157} INFO - Started process (PID=13659) to work on /opt/airflow/dags/reddit_dag.py
[2025-06-18T03:55:45.071+0000] {processor.py:829} INFO - Processing file /opt/airflow/dags/reddit_dag.py for tasks to queue
[2025-06-18T03:55:45.077+0000] {logging_mixin.py:151} INFO - [2025-06-18T03:55:45.076+0000] {dagbag.py:536} INFO - Filling up the DagBag from /opt/airflow/dags/reddit_dag.py
[2025-06-18T03:55:45.084+0000] {processor.py:841} WARNING - No viable dags retrieved from /opt/airflow/dags/reddit_dag.py
[2025-06-18T03:55:45.106+0000] {processor.py:179} INFO - Processing /opt/airflow/dags/reddit_dag.py took 0.049 seconds
[2025-06-18T03:56:15.427+0000] {processor.py:157} INFO - Started process (PID=13660) to work on /opt/airflow/dags/reddit_dag.py
[2025-06-18T03:56:15.430+0000] {processor.py:829} INFO - Processing file /opt/airflow/dags/reddit_dag.py for tasks to queue
[2025-06-18T03:56:15.435+0000] {logging_mixin.py:151} INFO - [2025-06-18T03:56:15.434+0000] {dagbag.py:536} INFO - Filling up the DagBag from /opt/airflow/dags/reddit_dag.py
[2025-06-18T03:56:15.443+0000] {processor.py:841} WARNING - No viable dags retrieved from /opt/airflow/dags/reddit_dag.py
[2025-06-18T03:56:15.469+0000] {processor.py:179} INFO - Processing /opt/airflow/dags/reddit_dag.py took 0.047 seconds
[2025-06-18T03:56:45.784+0000] {processor.py:157} INFO - Started process (PID=13661) to work on /opt/airflow/dags/reddit_dag.py
[2025-06-18T03:56:45.786+0000] {processor.py:829} INFO - Processing file /opt/airflow/dags/reddit_dag.py for tasks to queue
[2025-06-18T03:56:45.790+0000] {logging_mixin.py:151} INFO - [2025-06-18T03:56:45.789+0000] {dagbag.py:536} INFO - Filling up the DagBag from /opt/airflow/dags/reddit_dag.py
[2025-06-18T03:56:45.796+0000] {processor.py:841} WARNING - No viable dags retrieved from /opt/airflow/dags/reddit_dag.py
[2025-06-18T03:56:45.828+0000] {processor.py:179} INFO - Processing /opt/airflow/dags/reddit_dag.py took 0.048 seconds
[2025-06-18T03:57:16.156+0000] {processor.py:157} INFO - Started process (PID=13662) to work on /opt/airflow/dags/reddit_dag.py
[2025-06-18T03:57:16.159+0000] {processor.py:829} INFO - Processing file /opt/airflow/dags/reddit_dag.py for tasks to queue
[2025-06-18T03:57:16.167+0000] {logging_mixin.py:151} INFO - [2025-06-18T03:57:16.166+0000] {dagbag.py:536} INFO - Filling up the DagBag from /opt/airflow/dags/reddit_dag.py
[2025-06-18T03:57:16.176+0000] {processor.py:841} WARNING - No viable dags retrieved from /opt/airflow/dags/reddit_dag.py
[2025-06-18T03:57:16.211+0000] {processor.py:179} INFO - Processing /opt/airflow/dags/reddit_dag.py took 0.067 seconds
[2025-06-18T03:57:46.485+0000] {processor.py:157} INFO - Started process (PID=13663) to work on /opt/airflow/dags/reddit_dag.py
[2025-06-18T03:57:46.488+0000] {processor.py:829} INFO - Processing file /opt/airflow/dags/reddit_dag.py for tasks to queue
[2025-06-18T03:57:46.494+0000] {logging_mixin.py:151} INFO - [2025-06-18T03:57:46.493+0000] {dagbag.py:536} INFO - Filling up the DagBag from /opt/airflow/dags/reddit_dag.py
[2025-06-18T03:57:46.501+0000] {processor.py:841} WARNING - No viable dags retrieved from /opt/airflow/dags/reddit_dag.py
[2025-06-18T03:57:46.523+0000] {processor.py:179} INFO - Processing /opt/airflow/dags/reddit_dag.py took 0.045 seconds
[2025-06-18T03:58:16.829+0000] {processor.py:157} INFO - Started process (PID=13664) to work on /opt/airflow/dags/reddit_dag.py
[2025-06-18T03:58:16.833+0000] {processor.py:829} INFO - Processing file /opt/airflow/dags/reddit_dag.py for tasks to queue
[2025-06-18T03:58:16.843+0000] {logging_mixin.py:151} INFO - [2025-06-18T03:58:16.842+0000] {dagbag.py:536} INFO - Filling up the DagBag from /opt/airflow/dags/reddit_dag.py
[2025-06-18T03:58:16.854+0000] {processor.py:841} WARNING - No viable dags retrieved from /opt/airflow/dags/reddit_dag.py
[2025-06-18T03:58:16.884+0000] {processor.py:179} INFO - Processing /opt/airflow/dags/reddit_dag.py took 0.074 seconds
[2025-06-18T03:58:47.130+0000] {processor.py:157} INFO - Started process (PID=13665) to work on /opt/airflow/dags/reddit_dag.py
[2025-06-18T03:58:47.133+0000] {processor.py:829} INFO - Processing file /opt/airflow/dags/reddit_dag.py for tasks to queue
[2025-06-18T03:58:47.140+0000] {logging_mixin.py:151} INFO - [2025-06-18T03:58:47.140+0000] {dagbag.py:536} INFO - Filling up the DagBag from /opt/airflow/dags/reddit_dag.py
[2025-06-18T03:58:47.145+0000] {processor.py:841} WARNING - No viable dags retrieved from /opt/airflow/dags/reddit_dag.py
[2025-06-18T03:58:47.162+0000] {processor.py:179} INFO - Processing /opt/airflow/dags/reddit_dag.py took 0.045 seconds
[2025-06-18T03:59:17.549+0000] {processor.py:157} INFO - Started process (PID=13666) to work on /opt/airflow/dags/reddit_dag.py
[2025-06-18T03:59:17.554+0000] {processor.py:829} INFO - Processing file /opt/airflow/dags/reddit_dag.py for tasks to queue
[2025-06-18T03:59:17.563+0000] {logging_mixin.py:151} INFO - [2025-06-18T03:59:17.562+0000] {dagbag.py:536} INFO - Filling up the DagBag from /opt/airflow/dags/reddit_dag.py
[2025-06-18T03:59:17.573+0000] {processor.py:841} WARNING - No viable dags retrieved from /opt/airflow/dags/reddit_dag.py
[2025-06-18T03:59:17.624+0000] {processor.py:179} INFO - Processing /opt/airflow/dags/reddit_dag.py took 0.085 seconds
[2025-06-18T03:59:47.901+0000] {processor.py:157} INFO - Started process (PID=13667) to work on /opt/airflow/dags/reddit_dag.py
[2025-06-18T03:59:47.903+0000] {processor.py:829} INFO - Processing file /opt/airflow/dags/reddit_dag.py for tasks to queue
[2025-06-18T03:59:47.910+0000] {logging_mixin.py:151} INFO - [2025-06-18T03:59:47.909+0000] {dagbag.py:536} INFO - Filling up the DagBag from /opt/airflow/dags/reddit_dag.py
[2025-06-18T03:59:47.917+0000] {processor.py:841} WARNING - No viable dags retrieved from /opt/airflow/dags/reddit_dag.py
[2025-06-18T03:59:47.934+0000] {processor.py:179} INFO - Processing /opt/airflow/dags/reddit_dag.py took 0.041 seconds
[2025-06-18T04:00:18.318+0000] {processor.py:157} INFO - Started process (PID=13668) to work on /opt/airflow/dags/reddit_dag.py
[2025-06-18T04:00:18.321+0000] {processor.py:829} INFO - Processing file /opt/airflow/dags/reddit_dag.py for tasks to queue
[2025-06-18T04:00:18.331+0000] {logging_mixin.py:151} INFO - [2025-06-18T04:00:18.330+0000] {dagbag.py:536} INFO - Filling up the DagBag from /opt/airflow/dags/reddit_dag.py
[2025-06-18T04:00:18.340+0000] {processor.py:841} WARNING - No viable dags retrieved from /opt/airflow/dags/reddit_dag.py
[2025-06-18T04:00:18.373+0000] {processor.py:179} INFO - Processing /opt/airflow/dags/reddit_dag.py took 0.070 seconds
[2025-06-18T04:00:48.661+0000] {processor.py:157} INFO - Started process (PID=13669) to work on /opt/airflow/dags/reddit_dag.py
[2025-06-18T04:00:48.663+0000] {processor.py:829} INFO - Processing file /opt/airflow/dags/reddit_dag.py for tasks to queue
[2025-06-18T04:00:48.667+0000] {logging_mixin.py:151} INFO - [2025-06-18T04:00:48.666+0000] {dagbag.py:536} INFO - Filling up the DagBag from /opt/airflow/dags/reddit_dag.py
[2025-06-18T04:00:48.673+0000] {processor.py:841} WARNING - No viable dags retrieved from /opt/airflow/dags/reddit_dag.py
[2025-06-18T04:00:48.691+0000] {processor.py:179} INFO - Processing /opt/airflow/dags/reddit_dag.py took 0.035 seconds
[2025-06-18T04:01:19.055+0000] {processor.py:157} INFO - Started process (PID=13670) to work on /opt/airflow/dags/reddit_dag.py
[2025-06-18T04:01:19.058+0000] {processor.py:829} INFO - Processing file /opt/airflow/dags/reddit_dag.py for tasks to queue
[2025-06-18T04:01:19.067+0000] {logging_mixin.py:151} INFO - [2025-06-18T04:01:19.066+0000] {dagbag.py:536} INFO - Filling up the DagBag from /opt/airflow/dags/reddit_dag.py
[2025-06-18T04:01:19.080+0000] {processor.py:841} WARNING - No viable dags retrieved from /opt/airflow/dags/reddit_dag.py
[2025-06-18T04:01:19.123+0000] {processor.py:179} INFO - Processing /opt/airflow/dags/reddit_dag.py took 0.077 seconds
[2025-06-18T04:01:49.364+0000] {processor.py:157} INFO - Started process (PID=13671) to work on /opt/airflow/dags/reddit_dag.py
[2025-06-18T04:01:49.370+0000] {processor.py:829} INFO - Processing file /opt/airflow/dags/reddit_dag.py for tasks to queue
[2025-06-18T04:01:49.378+0000] {logging_mixin.py:151} INFO - [2025-06-18T04:01:49.377+0000] {dagbag.py:536} INFO - Filling up the DagBag from /opt/airflow/dags/reddit_dag.py
[2025-06-18T04:01:49.385+0000] {processor.py:841} WARNING - No viable dags retrieved from /opt/airflow/dags/reddit_dag.py
[2025-06-18T04:01:49.410+0000] {processor.py:179} INFO - Processing /opt/airflow/dags/reddit_dag.py took 0.059 seconds
[2025-06-18T04:02:19.786+0000] {processor.py:157} INFO - Started process (PID=13672) to work on /opt/airflow/dags/reddit_dag.py
[2025-06-18T04:02:19.789+0000] {processor.py:829} INFO - Processing file /opt/airflow/dags/reddit_dag.py for tasks to queue
[2025-06-18T04:02:19.797+0000] {logging_mixin.py:151} INFO - [2025-06-18T04:02:19.796+0000] {dagbag.py:536} INFO - Filling up the DagBag from /opt/airflow/dags/reddit_dag.py
[2025-06-18T04:02:19.808+0000] {processor.py:841} WARNING - No viable dags retrieved from /opt/airflow/dags/reddit_dag.py
[2025-06-18T04:02:19.838+0000] {processor.py:179} INFO - Processing /opt/airflow/dags/reddit_dag.py took 0.064 seconds
[2025-06-18T04:02:50.141+0000] {processor.py:157} INFO - Started process (PID=13673) to work on /opt/airflow/dags/reddit_dag.py
[2025-06-18T04:02:50.143+0000] {processor.py:829} INFO - Processing file /opt/airflow/dags/reddit_dag.py for tasks to queue
[2025-06-18T04:02:50.148+0000] {logging_mixin.py:151} INFO - [2025-06-18T04:02:50.147+0000] {dagbag.py:536} INFO - Filling up the DagBag from /opt/airflow/dags/reddit_dag.py
[2025-06-18T04:02:50.153+0000] {processor.py:841} WARNING - No viable dags retrieved from /opt/airflow/dags/reddit_dag.py
[2025-06-18T04:02:50.171+0000] {processor.py:179} INFO - Processing /opt/airflow/dags/reddit_dag.py took 0.034 seconds
[2025-06-18T04:03:20.518+0000] {processor.py:157} INFO - Started process (PID=13674) to work on /opt/airflow/dags/reddit_dag.py
[2025-06-18T04:03:20.522+0000] {processor.py:829} INFO - Processing file /opt/airflow/dags/reddit_dag.py for tasks to queue
[2025-06-18T04:03:20.533+0000] {logging_mixin.py:151} INFO - [2025-06-18T04:03:20.530+0000] {dagbag.py:536} INFO - Filling up the DagBag from /opt/airflow/dags/reddit_dag.py
[2025-06-18T04:03:20.550+0000] {processor.py:841} WARNING - No viable dags retrieved from /opt/airflow/dags/reddit_dag.py
[2025-06-18T04:03:20.585+0000] {processor.py:179} INFO - Processing /opt/airflow/dags/reddit_dag.py took 0.075 seconds
[2025-06-18T04:03:51.017+0000] {processor.py:157} INFO - Started process (PID=13675) to work on /opt/airflow/dags/reddit_dag.py
[2025-06-18T04:03:51.021+0000] {processor.py:829} INFO - Processing file /opt/airflow/dags/reddit_dag.py for tasks to queue
[2025-06-18T04:03:51.030+0000] {logging_mixin.py:151} INFO - [2025-06-18T04:03:51.029+0000] {dagbag.py:536} INFO - Filling up the DagBag from /opt/airflow/dags/reddit_dag.py
[2025-06-18T04:03:51.040+0000] {processor.py:841} WARNING - No viable dags retrieved from /opt/airflow/dags/reddit_dag.py
[2025-06-18T04:03:51.106+0000] {processor.py:179} INFO - Processing /opt/airflow/dags/reddit_dag.py took 0.106 seconds
[2025-06-18T04:04:21.438+0000] {processor.py:157} INFO - Started process (PID=13676) to work on /opt/airflow/dags/reddit_dag.py
[2025-06-18T04:04:21.442+0000] {processor.py:829} INFO - Processing file /opt/airflow/dags/reddit_dag.py for tasks to queue
[2025-06-18T04:04:21.451+0000] {logging_mixin.py:151} INFO - [2025-06-18T04:04:21.450+0000] {dagbag.py:536} INFO - Filling up the DagBag from /opt/airflow/dags/reddit_dag.py
[2025-06-18T04:04:21.461+0000] {processor.py:841} WARNING - No viable dags retrieved from /opt/airflow/dags/reddit_dag.py
[2025-06-18T04:04:21.516+0000] {processor.py:179} INFO - Processing /opt/airflow/dags/reddit_dag.py took 0.089 seconds
[2025-06-18T04:04:51.787+0000] {processor.py:157} INFO - Started process (PID=13677) to work on /opt/airflow/dags/reddit_dag.py
[2025-06-18T04:04:51.791+0000] {processor.py:829} INFO - Processing file /opt/airflow/dags/reddit_dag.py for tasks to queue
[2025-06-18T04:04:51.794+0000] {logging_mixin.py:151} INFO - [2025-06-18T04:04:51.794+0000] {dagbag.py:536} INFO - Filling up the DagBag from /opt/airflow/dags/reddit_dag.py
[2025-06-18T04:04:51.799+0000] {processor.py:841} WARNING - No viable dags retrieved from /opt/airflow/dags/reddit_dag.py
[2025-06-18T04:04:51.825+0000] {processor.py:179} INFO - Processing /opt/airflow/dags/reddit_dag.py took 0.045 seconds
[2025-06-18T04:05:22.309+0000] {processor.py:157} INFO - Started process (PID=13678) to work on /opt/airflow/dags/reddit_dag.py
[2025-06-18T04:05:22.313+0000] {processor.py:829} INFO - Processing file /opt/airflow/dags/reddit_dag.py for tasks to queue
[2025-06-18T04:05:22.324+0000] {logging_mixin.py:151} INFO - [2025-06-18T04:05:22.323+0000] {dagbag.py:536} INFO - Filling up the DagBag from /opt/airflow/dags/reddit_dag.py
[2025-06-18T04:05:22.336+0000] {processor.py:841} WARNING - No viable dags retrieved from /opt/airflow/dags/reddit_dag.py
[2025-06-18T04:05:22.381+0000] {processor.py:179} INFO - Processing /opt/airflow/dags/reddit_dag.py took 0.094 seconds
[2025-06-18T04:05:52.759+0000] {processor.py:157} INFO - Started process (PID=13679) to work on /opt/airflow/dags/reddit_dag.py
[2025-06-18T04:05:52.762+0000] {processor.py:829} INFO - Processing file /opt/airflow/dags/reddit_dag.py for tasks to queue
[2025-06-18T04:05:52.769+0000] {logging_mixin.py:151} INFO - [2025-06-18T04:05:52.768+0000] {dagbag.py:536} INFO - Filling up the DagBag from /opt/airflow/dags/reddit_dag.py
[2025-06-18T04:05:52.779+0000] {processor.py:841} WARNING - No viable dags retrieved from /opt/airflow/dags/reddit_dag.py
[2025-06-18T04:05:52.815+0000] {processor.py:179} INFO - Processing /opt/airflow/dags/reddit_dag.py took 0.067 seconds
[2025-06-18T04:06:23.482+0000] {processor.py:157} INFO - Started process (PID=13680) to work on /opt/airflow/dags/reddit_dag.py
[2025-06-18T04:06:23.486+0000] {processor.py:829} INFO - Processing file /opt/airflow/dags/reddit_dag.py for tasks to queue
[2025-06-18T04:06:23.495+0000] {logging_mixin.py:151} INFO - [2025-06-18T04:06:23.494+0000] {dagbag.py:536} INFO - Filling up the DagBag from /opt/airflow/dags/reddit_dag.py
[2025-06-18T04:06:23.513+0000] {processor.py:841} WARNING - No viable dags retrieved from /opt/airflow/dags/reddit_dag.py
[2025-06-18T04:06:23.567+0000] {processor.py:179} INFO - Processing /opt/airflow/dags/reddit_dag.py took 0.099 seconds
[2025-06-18T04:06:53.877+0000] {processor.py:157} INFO - Started process (PID=13681) to work on /opt/airflow/dags/reddit_dag.py
[2025-06-18T04:06:53.880+0000] {processor.py:829} INFO - Processing file /opt/airflow/dags/reddit_dag.py for tasks to queue
[2025-06-18T04:06:53.885+0000] {logging_mixin.py:151} INFO - [2025-06-18T04:06:53.885+0000] {dagbag.py:536} INFO - Filling up the DagBag from /opt/airflow/dags/reddit_dag.py
[2025-06-18T04:06:53.892+0000] {processor.py:841} WARNING - No viable dags retrieved from /opt/airflow/dags/reddit_dag.py
[2025-06-18T04:06:53.911+0000] {processor.py:179} INFO - Processing /opt/airflow/dags/reddit_dag.py took 0.040 seconds
[2025-06-18T04:07:24.260+0000] {processor.py:157} INFO - Started process (PID=13682) to work on /opt/airflow/dags/reddit_dag.py
[2025-06-18T04:07:24.264+0000] {processor.py:829} INFO - Processing file /opt/airflow/dags/reddit_dag.py for tasks to queue
[2025-06-18T04:07:24.270+0000] {logging_mixin.py:151} INFO - [2025-06-18T04:07:24.270+0000] {dagbag.py:536} INFO - Filling up the DagBag from /opt/airflow/dags/reddit_dag.py
[2025-06-18T04:07:24.277+0000] {processor.py:841} WARNING - No viable dags retrieved from /opt/airflow/dags/reddit_dag.py
[2025-06-18T04:07:24.302+0000] {processor.py:179} INFO - Processing /opt/airflow/dags/reddit_dag.py took 0.050 seconds
[2025-06-18T04:07:54.640+0000] {processor.py:157} INFO - Started process (PID=13683) to work on /opt/airflow/dags/reddit_dag.py
[2025-06-18T04:07:54.643+0000] {processor.py:829} INFO - Processing file /opt/airflow/dags/reddit_dag.py for tasks to queue
[2025-06-18T04:07:54.653+0000] {logging_mixin.py:151} INFO - [2025-06-18T04:07:54.652+0000] {dagbag.py:536} INFO - Filling up the DagBag from /opt/airflow/dags/reddit_dag.py
[2025-06-18T04:07:54.661+0000] {processor.py:841} WARNING - No viable dags retrieved from /opt/airflow/dags/reddit_dag.py
[2025-06-18T04:07:54.688+0000] {processor.py:179} INFO - Processing /opt/airflow/dags/reddit_dag.py took 0.054 seconds
[2025-06-18T04:08:25.048+0000] {processor.py:157} INFO - Started process (PID=13684) to work on /opt/airflow/dags/reddit_dag.py
[2025-06-18T04:08:25.058+0000] {processor.py:829} INFO - Processing file /opt/airflow/dags/reddit_dag.py for tasks to queue
[2025-06-18T04:08:25.852+0000] {logging_mixin.py:151} INFO - [2025-06-18T04:08:25.852+0000] {dagbag.py:536} INFO - Filling up the DagBag from /opt/airflow/dags/reddit_dag.py
[2025-06-18T04:08:25.858+0000] {processor.py:841} WARNING - No viable dags retrieved from /opt/airflow/dags/reddit_dag.py
[2025-06-18T04:08:25.875+0000] {processor.py:179} INFO - Processing /opt/airflow/dags/reddit_dag.py took 0.847 seconds
[2025-06-18T04:08:56.294+0000] {processor.py:157} INFO - Started process (PID=13685) to work on /opt/airflow/dags/reddit_dag.py
[2025-06-18T04:08:56.297+0000] {processor.py:829} INFO - Processing file /opt/airflow/dags/reddit_dag.py for tasks to queue
[2025-06-18T04:08:56.302+0000] {logging_mixin.py:151} INFO - [2025-06-18T04:08:56.301+0000] {dagbag.py:536} INFO - Filling up the DagBag from /opt/airflow/dags/reddit_dag.py
[2025-06-18T04:08:56.311+0000] {processor.py:841} WARNING - No viable dags retrieved from /opt/airflow/dags/reddit_dag.py
[2025-06-18T04:08:56.340+0000] {processor.py:179} INFO - Processing /opt/airflow/dags/reddit_dag.py took 0.056 seconds
