[2025-06-09T18:45:07.324+0000] {processor.py:157} INFO - Started process (PID=29) to work on /opt/airflow/dags/reddit_dag.py
[2025-06-09T18:45:07.326+0000] {processor.py:829} INFO - Processing file /opt/airflow/dags/reddit_dag.py for tasks to queue
[2025-06-09T18:45:07.327+0000] {logging_mixin.py:151} INFO - [2025-06-09T18:45:07.327+0000] {dagbag.py:536} INFO - Filling up the DagBag from /opt/airflow/dags/reddit_dag.py
[2025-06-09T18:45:07.332+0000] {processor.py:841} WARNING - No viable dags retrieved from /opt/airflow/dags/reddit_dag.py
[2025-06-09T18:45:07.342+0000] {processor.py:179} INFO - Processing /opt/airflow/dags/reddit_dag.py took 0.028 seconds
[2025-06-09T18:45:38.447+0000] {processor.py:157} INFO - Started process (PID=30) to work on /opt/airflow/dags/reddit_dag.py
[2025-06-09T18:45:38.449+0000] {processor.py:829} INFO - Processing file /opt/airflow/dags/reddit_dag.py for tasks to queue
[2025-06-09T18:45:38.451+0000] {logging_mixin.py:151} INFO - [2025-06-09T18:45:38.450+0000] {dagbag.py:536} INFO - Filling up the DagBag from /opt/airflow/dags/reddit_dag.py
[2025-06-09T18:45:38.457+0000] {processor.py:841} WARNING - No viable dags retrieved from /opt/airflow/dags/reddit_dag.py
[2025-06-09T18:45:38.466+0000] {processor.py:179} INFO - Processing /opt/airflow/dags/reddit_dag.py took 0.023 seconds
[2025-06-09T18:46:08.631+0000] {processor.py:157} INFO - Started process (PID=31) to work on /opt/airflow/dags/reddit_dag.py
[2025-06-09T18:46:08.634+0000] {processor.py:829} INFO - Processing file /opt/airflow/dags/reddit_dag.py for tasks to queue
[2025-06-09T18:46:08.635+0000] {logging_mixin.py:151} INFO - [2025-06-09T18:46:08.635+0000] {dagbag.py:536} INFO - Filling up the DagBag from /opt/airflow/dags/reddit_dag.py
[2025-06-09T18:46:08.641+0000] {processor.py:841} WARNING - No viable dags retrieved from /opt/airflow/dags/reddit_dag.py
[2025-06-09T18:46:08.654+0000] {processor.py:179} INFO - Processing /opt/airflow/dags/reddit_dag.py took 0.032 seconds
[2025-06-09T18:46:39.006+0000] {processor.py:157} INFO - Started process (PID=32) to work on /opt/airflow/dags/reddit_dag.py
[2025-06-09T18:46:39.010+0000] {processor.py:829} INFO - Processing file /opt/airflow/dags/reddit_dag.py for tasks to queue
[2025-06-09T18:46:39.011+0000] {logging_mixin.py:151} INFO - [2025-06-09T18:46:39.011+0000] {dagbag.py:536} INFO - Filling up the DagBag from /opt/airflow/dags/reddit_dag.py
[2025-06-09T18:46:39.017+0000] {processor.py:841} WARNING - No viable dags retrieved from /opt/airflow/dags/reddit_dag.py
[2025-06-09T18:46:39.029+0000] {processor.py:179} INFO - Processing /opt/airflow/dags/reddit_dag.py took 0.027 seconds
[2025-06-09T18:47:09.249+0000] {processor.py:157} INFO - Started process (PID=33) to work on /opt/airflow/dags/reddit_dag.py
[2025-06-09T18:47:09.251+0000] {processor.py:829} INFO - Processing file /opt/airflow/dags/reddit_dag.py for tasks to queue
[2025-06-09T18:47:09.252+0000] {logging_mixin.py:151} INFO - [2025-06-09T18:47:09.252+0000] {dagbag.py:536} INFO - Filling up the DagBag from /opt/airflow/dags/reddit_dag.py
[2025-06-09T18:47:09.257+0000] {processor.py:841} WARNING - No viable dags retrieved from /opt/airflow/dags/reddit_dag.py
[2025-06-09T18:47:09.266+0000] {processor.py:179} INFO - Processing /opt/airflow/dags/reddit_dag.py took 0.020 seconds
[2025-06-09T18:47:39.424+0000] {processor.py:157} INFO - Started process (PID=34) to work on /opt/airflow/dags/reddit_dag.py
[2025-06-09T18:47:39.427+0000] {processor.py:829} INFO - Processing file /opt/airflow/dags/reddit_dag.py for tasks to queue
[2025-06-09T18:47:39.428+0000] {logging_mixin.py:151} INFO - [2025-06-09T18:47:39.428+0000] {dagbag.py:536} INFO - Filling up the DagBag from /opt/airflow/dags/reddit_dag.py
[2025-06-09T18:47:39.434+0000] {processor.py:841} WARNING - No viable dags retrieved from /opt/airflow/dags/reddit_dag.py
[2025-06-09T18:47:39.443+0000] {processor.py:179} INFO - Processing /opt/airflow/dags/reddit_dag.py took 0.023 seconds
[2025-06-09T18:48:09.625+0000] {processor.py:157} INFO - Started process (PID=35) to work on /opt/airflow/dags/reddit_dag.py
[2025-06-09T18:48:09.628+0000] {processor.py:829} INFO - Processing file /opt/airflow/dags/reddit_dag.py for tasks to queue
[2025-06-09T18:48:09.629+0000] {logging_mixin.py:151} INFO - [2025-06-09T18:48:09.629+0000] {dagbag.py:536} INFO - Filling up the DagBag from /opt/airflow/dags/reddit_dag.py
[2025-06-09T18:48:09.633+0000] {processor.py:841} WARNING - No viable dags retrieved from /opt/airflow/dags/reddit_dag.py
[2025-06-09T18:48:09.641+0000] {processor.py:179} INFO - Processing /opt/airflow/dags/reddit_dag.py took 0.019 seconds
[2025-06-09T18:48:39.797+0000] {processor.py:157} INFO - Started process (PID=36) to work on /opt/airflow/dags/reddit_dag.py
[2025-06-09T18:48:39.799+0000] {processor.py:829} INFO - Processing file /opt/airflow/dags/reddit_dag.py for tasks to queue
[2025-06-09T18:48:39.801+0000] {logging_mixin.py:151} INFO - [2025-06-09T18:48:39.800+0000] {dagbag.py:536} INFO - Filling up the DagBag from /opt/airflow/dags/reddit_dag.py
[2025-06-09T18:48:39.805+0000] {processor.py:841} WARNING - No viable dags retrieved from /opt/airflow/dags/reddit_dag.py
[2025-06-09T18:48:39.814+0000] {processor.py:179} INFO - Processing /opt/airflow/dags/reddit_dag.py took 0.020 seconds
[2025-06-09T18:49:10.095+0000] {processor.py:157} INFO - Started process (PID=37) to work on /opt/airflow/dags/reddit_dag.py
[2025-06-09T18:49:10.098+0000] {processor.py:829} INFO - Processing file /opt/airflow/dags/reddit_dag.py for tasks to queue
[2025-06-09T18:49:10.101+0000] {logging_mixin.py:151} INFO - [2025-06-09T18:49:10.100+0000] {dagbag.py:536} INFO - Filling up the DagBag from /opt/airflow/dags/reddit_dag.py
[2025-06-09T18:49:10.109+0000] {processor.py:841} WARNING - No viable dags retrieved from /opt/airflow/dags/reddit_dag.py
[2025-06-09T18:49:10.127+0000] {processor.py:179} INFO - Processing /opt/airflow/dags/reddit_dag.py took 0.037 seconds
[2025-06-09T18:49:40.217+0000] {processor.py:157} INFO - Started process (PID=38) to work on /opt/airflow/dags/reddit_dag.py
[2025-06-09T18:49:40.221+0000] {processor.py:829} INFO - Processing file /opt/airflow/dags/reddit_dag.py for tasks to queue
[2025-06-09T18:49:40.227+0000] {logging_mixin.py:151} INFO - [2025-06-09T18:49:40.226+0000] {dagbag.py:536} INFO - Filling up the DagBag from /opt/airflow/dags/reddit_dag.py
[2025-06-09T18:49:40.239+0000] {processor.py:841} WARNING - No viable dags retrieved from /opt/airflow/dags/reddit_dag.py
[2025-06-09T18:49:40.249+0000] {processor.py:179} INFO - Processing /opt/airflow/dags/reddit_dag.py took 0.036 seconds
[2025-06-09T18:50:10.401+0000] {processor.py:157} INFO - Started process (PID=39) to work on /opt/airflow/dags/reddit_dag.py
[2025-06-09T18:50:10.404+0000] {processor.py:829} INFO - Processing file /opt/airflow/dags/reddit_dag.py for tasks to queue
[2025-06-09T18:50:10.406+0000] {logging_mixin.py:151} INFO - [2025-06-09T18:50:10.405+0000] {dagbag.py:536} INFO - Filling up the DagBag from /opt/airflow/dags/reddit_dag.py
[2025-06-09T18:50:10.412+0000] {processor.py:841} WARNING - No viable dags retrieved from /opt/airflow/dags/reddit_dag.py
[2025-06-09T18:50:10.422+0000] {processor.py:179} INFO - Processing /opt/airflow/dags/reddit_dag.py took 0.025 seconds
[2025-06-09T18:50:40.631+0000] {processor.py:157} INFO - Started process (PID=40) to work on /opt/airflow/dags/reddit_dag.py
[2025-06-09T18:50:40.633+0000] {processor.py:829} INFO - Processing file /opt/airflow/dags/reddit_dag.py for tasks to queue
[2025-06-09T18:50:40.635+0000] {logging_mixin.py:151} INFO - [2025-06-09T18:50:40.634+0000] {dagbag.py:536} INFO - Filling up the DagBag from /opt/airflow/dags/reddit_dag.py
[2025-06-09T18:50:40.639+0000] {processor.py:841} WARNING - No viable dags retrieved from /opt/airflow/dags/reddit_dag.py
[2025-06-09T18:50:40.650+0000] {processor.py:179} INFO - Processing /opt/airflow/dags/reddit_dag.py took 0.022 seconds
[2025-06-09T18:51:10.871+0000] {processor.py:157} INFO - Started process (PID=41) to work on /opt/airflow/dags/reddit_dag.py
[2025-06-09T18:51:10.875+0000] {processor.py:829} INFO - Processing file /opt/airflow/dags/reddit_dag.py for tasks to queue
[2025-06-09T18:51:10.878+0000] {logging_mixin.py:151} INFO - [2025-06-09T18:51:10.877+0000] {dagbag.py:536} INFO - Filling up the DagBag from /opt/airflow/dags/reddit_dag.py
[2025-06-09T18:51:10.888+0000] {processor.py:841} WARNING - No viable dags retrieved from /opt/airflow/dags/reddit_dag.py
[2025-06-09T18:51:10.905+0000] {processor.py:179} INFO - Processing /opt/airflow/dags/reddit_dag.py took 0.041 seconds
[2025-06-09T18:51:41.192+0000] {processor.py:157} INFO - Started process (PID=42) to work on /opt/airflow/dags/reddit_dag.py
[2025-06-09T18:51:41.195+0000] {processor.py:829} INFO - Processing file /opt/airflow/dags/reddit_dag.py for tasks to queue
[2025-06-09T18:51:41.197+0000] {logging_mixin.py:151} INFO - [2025-06-09T18:51:41.196+0000] {dagbag.py:536} INFO - Filling up the DagBag from /opt/airflow/dags/reddit_dag.py
[2025-06-09T18:51:41.206+0000] {processor.py:841} WARNING - No viable dags retrieved from /opt/airflow/dags/reddit_dag.py
[2025-06-09T18:51:41.224+0000] {processor.py:179} INFO - Processing /opt/airflow/dags/reddit_dag.py took 0.040 seconds
[2025-06-09T18:52:11.405+0000] {processor.py:157} INFO - Started process (PID=43) to work on /opt/airflow/dags/reddit_dag.py
[2025-06-09T18:52:11.409+0000] {processor.py:829} INFO - Processing file /opt/airflow/dags/reddit_dag.py for tasks to queue
[2025-06-09T18:52:11.411+0000] {logging_mixin.py:151} INFO - [2025-06-09T18:52:11.410+0000] {dagbag.py:536} INFO - Filling up the DagBag from /opt/airflow/dags/reddit_dag.py
[2025-06-09T18:52:11.416+0000] {processor.py:841} WARNING - No viable dags retrieved from /opt/airflow/dags/reddit_dag.py
[2025-06-09T18:52:11.433+0000] {processor.py:179} INFO - Processing /opt/airflow/dags/reddit_dag.py took 0.034 seconds
[2025-06-09T18:52:43.507+0000] {processor.py:157} INFO - Started process (PID=28) to work on /opt/airflow/dags/reddit_dag.py
[2025-06-09T18:52:43.509+0000] {processor.py:829} INFO - Processing file /opt/airflow/dags/reddit_dag.py for tasks to queue
[2025-06-09T18:52:43.511+0000] {logging_mixin.py:151} INFO - [2025-06-09T18:52:43.510+0000] {dagbag.py:536} INFO - Filling up the DagBag from /opt/airflow/dags/reddit_dag.py
[2025-06-09T18:52:43.516+0000] {processor.py:841} WARNING - No viable dags retrieved from /opt/airflow/dags/reddit_dag.py
[2025-06-09T18:52:43.525+0000] {processor.py:179} INFO - Processing /opt/airflow/dags/reddit_dag.py took 0.020 seconds
[2025-06-09T18:53:14.601+0000] {processor.py:157} INFO - Started process (PID=29) to work on /opt/airflow/dags/reddit_dag.py
[2025-06-09T18:53:14.605+0000] {processor.py:829} INFO - Processing file /opt/airflow/dags/reddit_dag.py for tasks to queue
[2025-06-09T18:53:14.607+0000] {logging_mixin.py:151} INFO - [2025-06-09T18:53:14.607+0000] {dagbag.py:536} INFO - Filling up the DagBag from /opt/airflow/dags/reddit_dag.py
[2025-06-09T18:53:14.616+0000] {processor.py:841} WARNING - No viable dags retrieved from /opt/airflow/dags/reddit_dag.py
[2025-06-09T18:53:14.638+0000] {processor.py:179} INFO - Processing /opt/airflow/dags/reddit_dag.py took 0.042 seconds
[2025-06-09T18:53:44.840+0000] {processor.py:157} INFO - Started process (PID=30) to work on /opt/airflow/dags/reddit_dag.py
[2025-06-09T18:53:44.842+0000] {processor.py:829} INFO - Processing file /opt/airflow/dags/reddit_dag.py for tasks to queue
[2025-06-09T18:53:44.844+0000] {logging_mixin.py:151} INFO - [2025-06-09T18:53:44.843+0000] {dagbag.py:536} INFO - Filling up the DagBag from /opt/airflow/dags/reddit_dag.py
[2025-06-09T18:53:44.855+0000] {processor.py:841} WARNING - No viable dags retrieved from /opt/airflow/dags/reddit_dag.py
[2025-06-09T18:53:44.872+0000] {processor.py:179} INFO - Processing /opt/airflow/dags/reddit_dag.py took 0.040 seconds
[2025-06-09T18:54:56.728+0000] {processor.py:157} INFO - Started process (PID=25) to work on /opt/airflow/dags/reddit_dag.py
[2025-06-09T18:54:56.729+0000] {processor.py:829} INFO - Processing file /opt/airflow/dags/reddit_dag.py for tasks to queue
[2025-06-09T18:54:56.733+0000] {logging_mixin.py:151} INFO - [2025-06-09T18:54:56.732+0000] {dagbag.py:536} INFO - Filling up the DagBag from /opt/airflow/dags/reddit_dag.py
[2025-06-09T18:54:56.739+0000] {processor.py:841} WARNING - No viable dags retrieved from /opt/airflow/dags/reddit_dag.py
[2025-06-09T18:54:56.759+0000] {processor.py:179} INFO - Processing /opt/airflow/dags/reddit_dag.py took 0.035 seconds
[2025-06-09T18:55:26.948+0000] {processor.py:157} INFO - Started process (PID=26) to work on /opt/airflow/dags/reddit_dag.py
[2025-06-09T18:55:26.951+0000] {processor.py:829} INFO - Processing file /opt/airflow/dags/reddit_dag.py for tasks to queue
[2025-06-09T18:55:26.956+0000] {logging_mixin.py:151} INFO - [2025-06-09T18:55:26.955+0000] {dagbag.py:536} INFO - Filling up the DagBag from /opt/airflow/dags/reddit_dag.py
[2025-06-09T18:55:26.962+0000] {processor.py:841} WARNING - No viable dags retrieved from /opt/airflow/dags/reddit_dag.py
[2025-06-09T18:55:26.985+0000] {processor.py:179} INFO - Processing /opt/airflow/dags/reddit_dag.py took 0.043 seconds
[2025-06-09T19:43:03.332+0000] {processor.py:157} INFO - Started process (PID=27) to work on /opt/airflow/dags/reddit_dag.py
[2025-06-09T19:43:03.339+0000] {processor.py:829} INFO - Processing file /opt/airflow/dags/reddit_dag.py for tasks to queue
[2025-06-09T19:43:03.352+0000] {logging_mixin.py:151} INFO - [2025-06-09T19:43:03.347+0000] {dagbag.py:536} INFO - Filling up the DagBag from /opt/airflow/dags/reddit_dag.py
[2025-06-09T19:43:03.371+0000] {processor.py:841} WARNING - No viable dags retrieved from /opt/airflow/dags/reddit_dag.py
[2025-06-09T19:43:03.403+0000] {processor.py:179} INFO - Processing /opt/airflow/dags/reddit_dag.py took 0.076 seconds
[2025-06-09T20:56:35.083+0000] {processor.py:157} INFO - Started process (PID=28) to work on /opt/airflow/dags/reddit_dag.py
[2025-06-09T20:56:35.089+0000] {processor.py:829} INFO - Processing file /opt/airflow/dags/reddit_dag.py for tasks to queue
[2025-06-09T20:56:35.143+0000] {logging_mixin.py:151} INFO - [2025-06-09T20:56:35.141+0000] {dagbag.py:536} INFO - Filling up the DagBag from /opt/airflow/dags/reddit_dag.py
[2025-06-09T20:56:35.246+0000] {processor.py:841} WARNING - No viable dags retrieved from /opt/airflow/dags/reddit_dag.py
[2025-06-09T20:56:35.470+0000] {processor.py:179} INFO - Processing /opt/airflow/dags/reddit_dag.py took 0.396 seconds
[2025-06-09T20:57:05.874+0000] {processor.py:157} INFO - Started process (PID=29) to work on /opt/airflow/dags/reddit_dag.py
[2025-06-09T20:57:05.876+0000] {processor.py:829} INFO - Processing file /opt/airflow/dags/reddit_dag.py for tasks to queue
[2025-06-09T20:57:05.883+0000] {logging_mixin.py:151} INFO - [2025-06-09T20:57:05.882+0000] {dagbag.py:536} INFO - Filling up the DagBag from /opt/airflow/dags/reddit_dag.py
[2025-06-09T20:57:05.889+0000] {processor.py:841} WARNING - No viable dags retrieved from /opt/airflow/dags/reddit_dag.py
[2025-06-09T20:57:05.938+0000] {processor.py:179} INFO - Processing /opt/airflow/dags/reddit_dag.py took 0.070 seconds
[2025-06-09T22:05:26.211+0000] {processor.py:157} INFO - Started process (PID=30) to work on /opt/airflow/dags/reddit_dag.py
[2025-06-09T22:05:26.214+0000] {processor.py:829} INFO - Processing file /opt/airflow/dags/reddit_dag.py for tasks to queue
[2025-06-09T22:05:26.223+0000] {logging_mixin.py:151} INFO - [2025-06-09T22:05:26.222+0000] {dagbag.py:536} INFO - Filling up the DagBag from /opt/airflow/dags/reddit_dag.py
[2025-06-09T22:05:26.235+0000] {processor.py:841} WARNING - No viable dags retrieved from /opt/airflow/dags/reddit_dag.py
[2025-06-09T22:05:26.255+0000] {processor.py:179} INFO - Processing /opt/airflow/dags/reddit_dag.py took 0.049 seconds
[2025-06-09T23:28:35.699+0000] {processor.py:157} INFO - Started process (PID=31) to work on /opt/airflow/dags/reddit_dag.py
[2025-06-09T23:28:35.703+0000] {processor.py:829} INFO - Processing file /opt/airflow/dags/reddit_dag.py for tasks to queue
[2025-06-09T23:28:35.719+0000] {logging_mixin.py:151} INFO - [2025-06-09T23:28:35.719+0000] {dagbag.py:536} INFO - Filling up the DagBag from /opt/airflow/dags/reddit_dag.py
[2025-06-09T23:28:35.730+0000] {processor.py:841} WARNING - No viable dags retrieved from /opt/airflow/dags/reddit_dag.py
[2025-06-09T23:28:35.773+0000] {processor.py:179} INFO - Processing /opt/airflow/dags/reddit_dag.py took 0.086 seconds
