[2025-06-25T07:14:42.345+0000] {taskinstance.py:1159} INFO - Dependencies all met for dep_context=non-requeueable deps ti=<TaskInstance: etl_reddit_pipeline.reddit_extraction manual__2025-06-25T07:14:41.287499+00:00 [queued]>
[2025-06-25T07:14:42.351+0000] {taskinstance.py:1159} INFO - Dependencies all met for dep_context=requeueable deps ti=<TaskInstance: etl_reddit_pipeline.reddit_extraction manual__2025-06-25T07:14:41.287499+00:00 [queued]>
[2025-06-25T07:14:42.351+0000] {taskinstance.py:1361} INFO - Starting attempt 1 of 1
[2025-06-25T07:14:42.358+0000] {taskinstance.py:1382} INFO - Executing <Task(PythonOperator): reddit_extraction> on 2025-06-25 07:14:41.287499+00:00
[2025-06-25T07:14:42.364+0000] {standard_task_runner.py:57} INFO - Started process 130 to run task
[2025-06-25T07:14:42.367+0000] {standard_task_runner.py:84} INFO - Running: ['airflow', 'tasks', 'run', 'etl_reddit_pipeline', 'reddit_extraction', 'manual__2025-06-25T07:14:41.287499+00:00', '--job-id', '22', '--raw', '--subdir', 'DAGS_FOLDER/reddit_dag.py', '--cfg-path', '/tmp/tmpbw4_l6vf']
[2025-06-25T07:14:42.372+0000] {standard_task_runner.py:85} INFO - Job 22: Subtask reddit_extraction
[2025-06-25T07:14:42.415+0000] {task_command.py:416} INFO - Running <TaskInstance: etl_reddit_pipeline.reddit_extraction manual__2025-06-25T07:14:41.287499+00:00 [running]> on host f892d2298fb9
[2025-06-25T07:14:42.470+0000] {taskinstance.py:1662} INFO - Exporting env vars: AIRFLOW_CTX_DAG_OWNER='Paresh Jadhav' AIRFLOW_CTX_DAG_ID='etl_reddit_pipeline' AIRFLOW_CTX_TASK_ID='reddit_extraction' AIRFLOW_CTX_EXECUTION_DATE='2025-06-25T07:14:41.287499+00:00' AIRFLOW_CTX_TRY_NUMBER='1' AIRFLOW_CTX_DAG_RUN_ID='manual__2025-06-25T07:14:41.287499+00:00'
[2025-06-25T07:14:42.472+0000] {logging_mixin.py:151} WARNING - Version 7.7.1 of praw is outdated. Version 7.8.1 was released Friday October 25, 2024.
[2025-06-25T07:14:43.281+0000] {reddit_etl.py:24} ERROR - Exception occured while connecting to reddit
[2025-06-25T07:14:43.286+0000] {taskinstance.py:1937} ERROR - Task failed with exception
Traceback (most recent call last):
  File "/home/airflow/.local/lib/python3.9/site-packages/airflow/operators/python.py", line 192, in execute
    return_value = self.execute_callable()
  File "/home/airflow/.local/lib/python3.9/site-packages/airflow/operators/python.py", line 209, in execute_callable
    return self.python_callable(*self.op_args, **self.op_kwargs)
  File "/opt/airflow/pipelines/reddit_pipeline.py", line 8, in reddit_pipeline
    posts = extract_posts(reddit_instance,subreddit,timefilter,limt)
  File "/opt/airflow/etls/reddit_etl.py", line 28, in extract_posts
    subreddit = reddit_instance.subreddit(subreddit)
AttributeError: 'NoneType' object has no attribute 'subreddit'
[2025-06-25T07:14:43.309+0000] {taskinstance.py:1400} INFO - Marking task as FAILED. dag_id=etl_reddit_pipeline, task_id=reddit_extraction, execution_date=20250625T071441, start_date=20250625T071442, end_date=20250625T071443
[2025-06-25T07:14:43.323+0000] {standard_task_runner.py:104} ERROR - Failed to execute job 22 for task reddit_extraction ('NoneType' object has no attribute 'subreddit'; 130)
[2025-06-25T07:14:43.377+0000] {local_task_job_runner.py:228} INFO - Task exited with return code 1
[2025-06-25T07:14:43.395+0000] {taskinstance.py:2778} INFO - 0 downstream tasks scheduled from follow-on schedule check
